PLINK v1.90p 64-bit (19 Feb 2020)
Options in effect:
  --allow-no-sex
  --bfile /exports/reum/CKe/EARTH_A/mergedChr/EA127genotypes_merged
  --biallelic-only strict list
  --ci 0.95
  --covar /exports/reum/CKe/EARTH_A/mergedChr/EARTH_A_re.covar
  --hide-covar
  --logistic
  --maf 0.01
  --out /exports/reum/CKe/EARTH_A/mergedChr/gwas_EARTHA_flipped_maf

Hostname: res-hpc-lo02.researchlumc.nl
Working directory: /exports/reum/CKe
Start time: Tue Oct  5 22:21:45 2021

Note: --hide-covar flag deprecated.  Use e.g. "--linear hide-covar".
Random number seed: 1633465305
128525 MB RAM detected; reserving 64262 MB for main workspace.
10235902 variants loaded from .bim file.
127 people (0 males, 0 females, 127 ambiguous) loaded from .fam.
Ambiguous sex IDs written to
/exports/reum/CKe/EARTH_A/mergedChr/gwas_EARTHA_flipped_maf.nosex .
80 phenotype values loaded from .fam.
Using 1 thread (no multithreaded calculations invoked).
--covar: 2 covariates loaded.
Before main variant filters, 127 founders and 0 nonfounders present.
Calculating allele frequencies... done.
Total genotyping rate is 0.985211.
2952536 variants removed due to minor allele threshold(s)
(--maf/--max-maf/--mac/--max-mac).
7283366 variants and 127 people pass filters and QC.
Among remaining phenotypes, 29 are cases and 51 are controls.  (47 phenotypes
are missing.)
Writing logistic model association results to
/exports/reum/CKe/EARTH_A/mergedChr/gwas_EARTHA_flipped_maf.assoc.logistic ...
done.

End time: Tue Oct  5 22:22:27 2021
