PLINK v1.90p 64-bit (19 Feb 2020)
Options in effect:
  --allow-no-sex
  --bfile /exports/reum/CKe/Vienna/mergedChr/vienna_merged
  --biallelic-only strict list
  --ci 0.95
  --covar /exports/reum/CKe/Vienna/mergedChr/Vienna_re.covar
  --hide-covar
  --logistic
  --out /exports/reum/CKe/Vienna/mergedChr/gwas_Vienna_flipped

Hostname: res-hpc-exe001.researchlumc.nl
Working directory: /exports/reum/CKe/Vienna/mergedChr
Start time: Fri Sep 24 02:58:35 2021

Note: --hide-covar flag deprecated.  Use e.g. "--linear hide-covar".
Random number seed: 1632445115
386867 MB RAM detected; reserving 193433 MB for main workspace.
14572254 variants loaded from .bim file.
406 people (0 males, 0 females, 406 ambiguous) loaded from .fam.
Ambiguous sex IDs written to
/exports/reum/CKe/Vienna/mergedChr/gwas_Vienna_flipped.nosex .
349 phenotype values loaded from .fam.
Using 1 thread (no multithreaded calculations invoked).
--covar: 2 covariates loaded.
20 people were not seen in the covariate file.
Before main variant filters, 406 founders and 0 nonfounders present.
Calculating allele frequencies... done.
Total genotyping rate is 0.986485.
14572254 variants and 406 people pass filters and QC.
Among remaining phenotypes, 207 are cases and 142 are controls.  (57 phenotypes
are missing.)
Writing logistic model association results to
/exports/reum/CKe/Vienna/mergedChr/gwas_Vienna_flipped.assoc.logistic ... done.

End time: Fri Sep 24 03:01:46 2021
