PLINK v1.90p 64-bit (19 Feb 2020)
Options in effect:
  --bfile /exports/reum/CKe/Pipelinerun_withPC/EARTH_A/mergedChr/EA127genotypes_merged
  --exclude /exports/reum/CKe/Pipelinerun_withPC/EARTH_A/mergedChr/EA127genotypes_merged_dupsExclude.txt
  --make-bed
  --out /exports/reum/CKe/Pipelinerun_withPC/EARTH_A/mergedChr/EA127genotypes_merged_noDup

Hostname: res-hpc-mem01.researchlumc.nl
Working directory: /exports/reum/CKe/Pipelinerun_withPC
Start time: Fri Nov 26 19:42:41 2021

Random number seed: 1637952161
3096392 MB RAM detected; reserving 1548196 MB for main workspace.
10235902 variants loaded from .bim file.
127 people (0 males, 0 females, 127 ambiguous) loaded from .fam.
Ambiguous sex IDs written to
/exports/reum/CKe/Pipelinerun_withPC/EARTH_A/mergedChr/EA127genotypes_merged_noDup.nosex
.
80 phenotype values loaded from .fam.
--exclude: 7148869 variants remaining.
Warning: Ignoring phenotypes of missing-sex samples.  If you don't want those
phenotypes to be ignored, use the --allow-no-sex flag.
Using 1 thread (no multithreaded calculations invoked).
Before main variant filters, 127 founders and 0 nonfounders present.
Calculating allele frequencies... done.
Total genotyping rate is 0.982572.
7148869 variants and 127 people pass filters and QC.
Among remaining phenotypes, 51 are cases and 29 are controls.  (47 phenotypes
are missing.)
--make-bed to
/exports/reum/CKe/Pipelinerun_withPC/EARTH_A/mergedChr/EA127genotypes_merged_noDup.bed
+
/exports/reum/CKe/Pipelinerun_withPC/EARTH_A/mergedChr/EA127genotypes_merged_noDup.bim
+
/exports/reum/CKe/Pipelinerun_withPC/EARTH_A/mergedChr/EA127genotypes_merged_noDup.fam
... done.

End time: Fri Nov 26 19:43:12 2021
