PLINK v1.90p 64-bit (19 Feb 2020)
Options in effect:
  --a1-allele /exports/reum/CKe/Pipelinerun_withPC/EARTH_A/mergedChr/EA127genotypes_merged_AllelesCorr.txt
  --allow-no-sex
  --bfile /exports/reum/CKe/Pipelinerun_withPC/EARTH_A/mergedChr/EA127genotypes_merged_noDup
  --biallelic-only strict list
  --ci 0.95
  --covar /exports/reum/CKe/Pipelinerun_withPC/EARTH_A/mergedChr/EARTH_A_re_pc.covar
  --freq
  --hide-covar
  --logistic
  --out /exports/reum/CKe/Pipelinerun_withPC/EARTH_A/mergedChr/gwas_EARTHA_flipped_noMAFfilter

Hostname: res-hpc-mem01.researchlumc.nl
Working directory: /exports/reum/CKe/Pipelinerun_withPC
Start time: Fri Nov 26 19:43:12 2021

Note: --hide-covar flag deprecated.  Use e.g. "--linear hide-covar".
Random number seed: 1637952192
3096392 MB RAM detected; reserving 1548196 MB for main workspace.
7148869 variants loaded from .bim file.
127 people (0 males, 0 females, 127 ambiguous) loaded from .fam.
Ambiguous sex IDs written to
/exports/reum/CKe/Pipelinerun_withPC/EARTH_A/mergedChr/gwas_EARTHA_flipped_noMAFfilter.nosex
.
80 phenotype values loaded from .fam.
Using 1 thread (no multithreaded calculations invoked).
--covar: 12 covariates loaded.
Before main variant filters, 127 founders and 0 nonfounders present.
Calculating allele frequencies... done.
Total genotyping rate is 0.982572.
--a1-allele: 7148869 assignments made.
--freq: Allele frequencies (founders only) written to
/exports/reum/CKe/Pipelinerun_withPC/EARTH_A/mergedChr/gwas_EARTHA_flipped_noMAFfilter.frq
.
7148869 variants and 127 people pass filters and QC.
Among remaining phenotypes, 51 are cases and 29 are controls.  (47 phenotypes
are missing.)
Writing logistic model association results to
/exports/reum/CKe/Pipelinerun_withPC/EARTH_A/mergedChr/gwas_EARTHA_flipped_noMAFfilter.assoc.logistic
... done.

End time: Fri Nov 26 19:49:18 2021
