PLINK v1.90p 64-bit (19 Feb 2020)
Options in effect:
  --a1-allele /exports/reum/CKe/Pipelinerun_withPC/Tacera/Final_imputed/TACERA_HRCv1_1_FINAL_AllelesCorr.txt
  --allow-no-sex
  --bfile /exports/reum/CKe/Pipelinerun_withPC/Tacera/Final_imputed/TACERA_HRCv1_1_FINAL_noDup
  --biallelic-only strict list
  --ci 0.95
  --covar /exports/reum/CKe/Pipelinerun_withPC/Tacera/Final_imputed/tacera_pc.covar
  --freq
  --hide-covar
  --logistic
  --out /exports/reum/CKe/Pipelinerun_withPC/Tacera/Final_imputed/gwas_TACERA_noMAFfilter

Hostname: res-hpc-mem01.researchlumc.nl
Working directory: /exports/reum/CKe/Pipelinerun_withPC
Start time: Fri Nov 26 18:39:40 2021

Note: --hide-covar flag deprecated.  Use e.g. "--linear hide-covar".
Random number seed: 1637948380
3096392 MB RAM detected; reserving 1548196 MB for main workspace.
19404037 variants loaded from .bim file.
295 people (66 males, 175 females, 54 ambiguous) loaded from .fam.
Ambiguous sex IDs written to
/exports/reum/CKe/Pipelinerun_withPC/Tacera/Final_imputed/gwas_TACERA_noMAFfilter.nosex
.
222 phenotype values loaded from .fam.
Using 1 thread (no multithreaded calculations invoked).
--covar: 12 covariates loaded.
54 people were not seen in the covariate file.
Before main variant filters, 295 founders and 0 nonfounders present.
Calculating allele frequencies... done.
Total genotyping rate is 0.998552.
--a1-allele: 19404037 assignments made.
--freq: Allele frequencies (founders only) written to
/exports/reum/CKe/Pipelinerun_withPC/Tacera/Final_imputed/gwas_TACERA_noMAFfilter.frq
.
19404037 variants and 295 people pass filters and QC.
Among remaining phenotypes, 84 are cases and 138 are controls.  (73 phenotypes
are missing.)
Writing logistic model association results to
/exports/reum/CKe/Pipelinerun_withPC/Tacera/Final_imputed/gwas_TACERA_noMAFfilter.assoc.logistic
... done.

End time: Fri Nov 26 18:50:02 2021
