PLINK v1.90p 64-bit (19 Feb 2020)
Options in effect:
  --allow-no-sex
  --bfile EAC_merged
  --biallelic-only strict list
  --ci 0.95
  --covar EAC_re.covar
  --hide-covar
  --logistic
  --out gwas_EAC_flipped

Hostname: res-hpc-exe001.researchlumc.nl
Working directory: /exports/reum/CKe/EAC/mergedChr
Start time: Fri Sep 24 02:38:27 2021

Note: --hide-covar flag deprecated.  Use e.g. "--linear hide-covar".
Random number seed: 1632443907
386867 MB RAM detected; reserving 193433 MB for main workspace.
18801643 variants loaded from .bim file.
1007 people (0 males, 0 females, 1007 ambiguous) loaded from .fam.
Ambiguous sex IDs written to gwas_EAC_flipped.nosex .
709 phenotype values loaded from .fam.
Using 1 thread (no multithreaded calculations invoked).
--covar: 2 covariates loaded.
Before main variant filters, 1007 founders and 0 nonfounders present.
Calculating allele frequencies... done.
Total genotyping rate is 0.991998.
18801643 variants and 1007 people pass filters and QC.
Among remaining phenotypes, 218 are cases and 491 are controls.  (298
phenotypes are missing.)
Writing logistic model association results to gwas_EAC_flipped.assoc.logistic
... done.

End time: Fri Sep 24 02:46:00 2021
