Running SNP2HLA:

PLINK v1.90p 64-bit (19 Feb 2020)              www.cog-genomics.org/plink/1.9/
(C) 2005-2020 Shaun Purcell, Christopher Chang   GNU General Public License v3
Logging to ACPAneg_sorted_noQC_chr6.log.
Options in effect:
  --const-fid 0
  --out ACPAneg_sorted_noQC_chr6
  --vcf ACPAneg_sorted_noQC_cleaned-updated-chr6.vcf

128825 MB RAM detected; reserving 64412 MB for main workspace.
--vcf: 1k variants complete.--vcf: 2k variants complete.--vcf: 3k variants complete.--vcf: 4k variants complete.--vcf: 5k variants complete.--vcf: 6k variants complete.--vcf: 7k variants complete.--vcf: 8k variants complete.--vcf: 9k variants complete.--vcf: 10k variants complete.--vcf: 11k variants complete.--vcf: 12k variants complete.--vcf: 13k variants complete.--vcf: 14k variants complete.--vcf: ACPAneg_sorted_noQC_chr6.bed + ACPAneg_sorted_noQC_chr6.bim +
ACPAneg_sorted_noQC_chr6.fam written.

SNP2HLA: Performing HLA imputation for dataset ACPAneg_sorted_noQC_chr6
- Java memory = 2000Mb
- Beagle window size = 1000 markers
[1] Extracting SNPs from the MHC.
[2] Performing SNP quality control.
[3] Convering data to beagle format.
[4] Performing HLA imputation (see ACPAneg_sorted_noQC_IMPUTED.bgl.log for progress).
[5] Converting posterior probabilities to PLINK dosage format.
[6] Converting imputation genotypes to PLINK .ped format.
DONE!



 Workflow pre-imputation finished for ACPAneg_sorted_noQC