PLINK v1.90p 64-bit (19 Feb 2020)
Options in effect:
  --a1-allele /exports/reum/CKe/Pipelinerun_withPC/EARTH_B/mergedChr/EARTH_setB_merged_AllelesCorr.txt
  --allow-no-sex
  --bfile /exports/reum/CKe/Pipelinerun_withPC/EARTH_B/mergedChr/EARTH_setB_merged_noDup
  --biallelic-only strict list
  --ci 0.95
  --covar /exports/reum/CKe/Pipelinerun_withPC/EARTH_B/mergedChr/EARTH_B_re_pc.covar
  --freq
  --hide-covar
  --logistic
  --out /exports/reum/CKe/Pipelinerun_withPC/EARTH_B/mergedChr/gwas_EARTHB_flipped_noMAFfilter

Hostname: res-hpc-mem01.researchlumc.nl
Working directory: /exports/reum/CKe/Pipelinerun_withPC
Start time: Fri Nov 26 18:50:24 2021

Note: --hide-covar flag deprecated.  Use e.g. "--linear hide-covar".
Random number seed: 1637949024
3096392 MB RAM detected; reserving 1548196 MB for main workspace.
6582165 variants loaded from .bim file.
66 people (0 males, 0 females, 66 ambiguous) loaded from .fam.
Ambiguous sex IDs written to
/exports/reum/CKe/Pipelinerun_withPC/EARTH_B/mergedChr/gwas_EARTHB_flipped_noMAFfilter.nosex
.
66 phenotype values loaded from .fam.
Using 1 thread (no multithreaded calculations invoked).
--covar: 12 covariates loaded.
Before main variant filters, 66 founders and 0 nonfounders present.
Calculating allele frequencies... done.
Total genotyping rate is 0.984482.
--a1-allele: 6582165 assignments made.
--freq: Allele frequencies (founders only) written to
/exports/reum/CKe/Pipelinerun_withPC/EARTH_B/mergedChr/gwas_EARTHB_flipped_noMAFfilter.frq
.
6582165 variants and 66 people pass filters and QC.
Among remaining phenotypes, 34 are cases and 32 are controls.
Writing logistic model association results to
/exports/reum/CKe/Pipelinerun_withPC/EARTH_B/mergedChr/gwas_EARTHB_flipped_noMAFfilter.assoc.logistic
... done.

End time: Fri Nov 26 18:55:48 2021
