PLINK v1.90p 64-bit (19 Feb 2020)
Options in effect:
  --allow-no-sex
  --bfile /exports/reum/CKe/PEAC/Merge/PEAC_merged
  --ci 0.95
  --covar /exports/reum/CKe/PEAC/Merge/PEAC_re.covar
  --hide-covar
  --logistic
  --out /exports/reum/CKe/PEAC/Merge/gwas_PEAC_1

Hostname: res-hpc-exe031.researchlumc.nl
Working directory: /exports/reum/CKe/PEAC/Merge
Start time: Thu Aug 12 21:55:56 2021

Note: --hide-covar flag deprecated.  Use e.g. "--linear hide-covar".
Random number seed: 1628798156
515919 MB RAM detected; reserving 257959 MB for main workspace.
18036602 variants loaded from .bim file.
213 people (0 males, 0 females, 213 ambiguous) loaded from .fam.
Ambiguous sex IDs written to /exports/reum/CKe/PEAC/Merge/gwas_PEAC_1.nosex .
103 phenotype values loaded from .fam.
Using 1 thread (no multithreaded calculations invoked).
--covar: 2 covariates loaded.
92 people were not seen in the covariate file.
Before main variant filters, 213 founders and 0 nonfounders present.
Calculating allele frequencies... done.
Total genotyping rate is 0.959483.
18036602 variants and 213 people pass filters and QC.
Among remaining phenotypes, 65 are cases and 38 are controls.  (110 phenotypes
are missing.)
Writing logistic model association results to
/exports/reum/CKe/PEAC/Merge/gwas_PEAC_1.assoc.logistic ... done.

End time: Thu Aug 12 21:57:42 2021
