PLINK v1.90p 64-bit (19 Feb 2020)
Options in effect:
  --bfile /exports/reum/CKe/PEAC/mergedChr/PEAC_merged
  --freq
  --out /exports/reum/CKe/PEAC/mergedChr/MAF_PEAC

Hostname: res-hpc-exe024.researchlumc.nl
Working directory: /exports/reum/CKe/dosage
Start time: Mon Sep 20 17:29:09 2021

Random number seed: 1632151749
128820 MB RAM detected; reserving 64410 MB for main workspace.
18036602 variants loaded from .bim file.
213 people (0 males, 0 females, 213 ambiguous) loaded from .fam.
Ambiguous sex IDs written to /exports/reum/CKe/PEAC/mergedChr/MAF_PEAC.nosex .
103 phenotype values loaded from .fam.
Warning: Ignoring phenotypes of missing-sex samples.  If you don't want those
phenotypes to be ignored, use the --allow-no-sex flag.
Using 1 thread (no multithreaded calculations invoked).
Before main variant filters, 213 founders and 0 nonfounders present.
Calculating allele frequencies... done.
Total genotyping rate is 0.959483.
--freq: Allele frequencies (founders only) written to
/exports/reum/CKe/PEAC/mergedChr/MAF_PEAC.frq .

End time: Mon Sep 20 17:29:26 2021
