PLINK v1.90p 64-bit (19 Feb 2020)
Options in effect:
  --allow-no-sex
  --bfile /exports/reum/CKe/Madrid/mergedChr/madrid_merged
  --ci 0.95
  --covar /exports/reum/CKe/Madrid/mergedChr/Madrid_re.covar
  --hide-covar
  --logistic
  --out /exports/reum/CKe/Madrid/mergedChr/gwas_madrid_1

Hostname: res-hpc-exe031.researchlumc.nl
Working directory: /exports/reum/CKe/Madrid/mergedChr
Start time: Thu Aug 12 22:43:26 2021

Note: --hide-covar flag deprecated.  Use e.g. "--linear hide-covar".
Random number seed: 1628801006
515919 MB RAM detected; reserving 257959 MB for main workspace.
13039847 variants loaded from .bim file.
141 people (0 males, 0 females, 141 ambiguous) loaded from .fam.
Ambiguous sex IDs written to
/exports/reum/CKe/Madrid/mergedChr/gwas_madrid_1.nosex .
115 phenotype values loaded from .fam.
Using 1 thread (no multithreaded calculations invoked).
--covar: 2 covariates loaded.
18 people were not seen in the covariate file.
Before main variant filters, 141 founders and 0 nonfounders present.
Calculating allele frequencies... done.
Total genotyping rate is 0.981518.
13039847 variants and 141 people pass filters and QC.
Among remaining phenotypes, 61 are cases and 54 are controls.  (26 phenotypes
are missing.)
Writing logistic model association results to
/exports/reum/CKe/Madrid/mergedChr/gwas_madrid_1.assoc.logistic ... done.

End time: Thu Aug 12 22:44:51 2021
