PLINK v1.90p 64-bit (19 Feb 2020)
Options in effect:
  --allow-no-sex
  --bfile /exports/reum/CKe/EARTH_B/mergedChr/EARTH_setB_merged
  --ci 0.95
  --covar /exports/reum/CKe/EARTH_B/mergedChr/EARTH_B_re.covar
  --hide-covar
  --logistic
  --out /exports/reum/CKe/EARTH_B/mergedChr/gwas_EARTHB_1

Hostname: res-hpc-exe031.researchlumc.nl
Working directory: /exports/reum/CKe/EARTH_B/mergedChr
Start time: Thu Aug 12 23:06:01 2021

Note: --hide-covar flag deprecated.  Use e.g. "--linear hide-covar".
Random number seed: 1628802361
515919 MB RAM detected; reserving 257959 MB for main workspace.
9629990 variants loaded from .bim file.
66 people (0 males, 0 females, 66 ambiguous) loaded from .fam.
Ambiguous sex IDs written to
/exports/reum/CKe/EARTH_B/mergedChr/gwas_EARTHB_1.nosex .
66 phenotype values loaded from .fam.
Using 1 thread (no multithreaded calculations invoked).
--covar: 2 covariates loaded.
Before main variant filters, 66 founders and 0 nonfounders present.
Calculating allele frequencies... done.
Total genotyping rate is 0.984886.
9629990 variants and 66 people pass filters and QC.
Among remaining phenotypes, 32 are cases and 34 are controls.
Writing logistic model association results to
/exports/reum/CKe/EARTH_B/mergedChr/gwas_EARTHB_1.assoc.logistic ... done.

End time: Thu Aug 12 23:06:46 2021
