PLINK v1.90p 64-bit (19 Feb 2020)
Options in effect:
  --a1-allele /exports/reum/CKe/Pipelinerun_withPC/EIRA/mergedChr/EIRA_merged_AllelesCorr.txt
  --allow-no-sex
  --bfile /exports/reum/CKe/Pipelinerun_withPC/EIRA/mergedChr/EIRA_merged_noDup
  --biallelic-only strict list
  --ci 0.95
  --covar /exports/reum/CKe/Pipelinerun_withPC/EIRA/mergedChr/EIRA_re_pc.covar
  --freq
  --hide-covar
  --logistic
  --out /exports/reum/CKe/Pipelinerun_withPC/EIRA/mergedChr/gwas_EIRA_flipped_noMAFfilter

Hostname: res-hpc-mem01.researchlumc.nl
Working directory: /exports/reum/CKe/Pipelinerun_withPC
Start time: Fri Nov 26 15:26:17 2021

Note: --hide-covar flag deprecated.  Use e.g. "--linear hide-covar".
Random number seed: 1637936777
3096392 MB RAM detected; reserving 1548196 MB for main workspace.
17319203 variants loaded from .bim file.
2182 people (0 males, 0 females, 2182 ambiguous) loaded from .fam.
Ambiguous sex IDs written to
/exports/reum/CKe/Pipelinerun_withPC/EIRA/mergedChr/gwas_EIRA_flipped_noMAFfilter.nosex
.
2075 phenotype values loaded from .fam.
Using 1 thread (no multithreaded calculations invoked).
--covar: 12 covariates loaded.
Before main variant filters, 2182 founders and 0 nonfounders present.
Calculating allele frequencies... done.
Total genotyping rate is 0.995285.
--a1-allele: 17319203 assignments made.
--freq: Allele frequencies (founders only) written to
/exports/reum/CKe/Pipelinerun_withPC/EIRA/mergedChr/gwas_EIRA_flipped_noMAFfilter.frq
.
17319203 variants and 2182 people pass filters and QC.
Among remaining phenotypes, 877 are cases and 1198 are controls.  (107
phenotypes are missing.)
Writing logistic model association results to
/exports/reum/CKe/Pipelinerun_withPC/EIRA/mergedChr/gwas_EIRA_flipped_noMAFfilter.assoc.logistic
... done.

End time: Fri Nov 26 17:58:01 2021
