PLINK v1.90p 64-bit (19 Feb 2020)
Options in effect:
  --a1-allele /exports/reum/CKe/Pipelinerun_withPC/Madrid/mergedChr/madrid_merged_AllelesCorr.txt
  --allow-no-sex
  --bfile /exports/reum/CKe/Pipelinerun_withPC/Madrid/mergedChr/madrid_merged_noDup
  --biallelic-only strict list
  --ci 0.95
  --covar /exports/reum/CKe/Pipelinerun_withPC/Madrid/mergedChr/Madrid_re_pc.covar
  --freq
  --hide-covar
  --logistic
  --out /exports/reum/CKe/Pipelinerun_withPC/Madrid/mergedChr/gwas_madrid_flipped_noMAFfilter

Hostname: res-hpc-mem01.researchlumc.nl
Working directory: /exports/reum/CKe/Pipelinerun_withPC
Start time: Fri Nov 26 18:16:04 2021

Note: --hide-covar flag deprecated.  Use e.g. "--linear hide-covar".
Random number seed: 1637946964
3096392 MB RAM detected; reserving 1548196 MB for main workspace.
9925068 variants loaded from .bim file.
141 people (0 males, 0 females, 141 ambiguous) loaded from .fam.
Ambiguous sex IDs written to
/exports/reum/CKe/Pipelinerun_withPC/Madrid/mergedChr/gwas_madrid_flipped_noMAFfilter.nosex
.
115 phenotype values loaded from .fam.
Using 1 thread (no multithreaded calculations invoked).
--covar: 12 covariates loaded.
18 people were not seen in the covariate file.
Before main variant filters, 141 founders and 0 nonfounders present.
Calculating allele frequencies... done.
Total genotyping rate is 0.983235.
--a1-allele: 9925068 assignments made.
--freq: Allele frequencies (founders only) written to
/exports/reum/CKe/Pipelinerun_withPC/Madrid/mergedChr/gwas_madrid_flipped_noMAFfilter.frq
.
9925068 variants and 141 people pass filters and QC.
Among remaining phenotypes, 54 are cases and 61 are controls.  (26 phenotypes
are missing.)
Writing logistic model association results to
/exports/reum/CKe/Pipelinerun_withPC/Madrid/mergedChr/gwas_madrid_flipped_noMAFfilter.assoc.logistic
... done.

End time: Fri Nov 26 18:25:33 2021
