PLINK v1.90p 64-bit (19 Feb 2020)
Options in effect:
  --bfile /exports/reum/CKe/Pipelinerun_withPC/Madrid/mergedChr/madrid_merged
  --exclude /exports/reum/CKe/Pipelinerun_withPC/Madrid/mergedChr/madrid_merged_dupsExclude.txt
  --make-bed
  --out /exports/reum/CKe/Pipelinerun_withPC/Madrid/mergedChr/madrid_merged_noDup

Hostname: res-hpc-mem01.researchlumc.nl
Working directory: /exports/reum/CKe/Pipelinerun_withPC
Start time: Fri Nov 26 18:15:39 2021

Random number seed: 1637946939
3096392 MB RAM detected; reserving 1548196 MB for main workspace.
13039847 variants loaded from .bim file.
141 people (0 males, 0 females, 141 ambiguous) loaded from .fam.
Ambiguous sex IDs written to
/exports/reum/CKe/Pipelinerun_withPC/Madrid/mergedChr/madrid_merged_noDup.nosex
.
115 phenotype values loaded from .fam.
--exclude: 9925068 variants remaining.
Warning: Ignoring phenotypes of missing-sex samples.  If you don't want those
phenotypes to be ignored, use the --allow-no-sex flag.
Using 1 thread (no multithreaded calculations invoked).
Before main variant filters, 141 founders and 0 nonfounders present.
Calculating allele frequencies... done.
Total genotyping rate is 0.983235.
9925068 variants and 141 people pass filters and QC.
Among remaining phenotypes, 54 are cases and 61 are controls.  (26 phenotypes
are missing.)
--make-bed to
/exports/reum/CKe/Pipelinerun_withPC/Madrid/mergedChr/madrid_merged_noDup.bed +
/exports/reum/CKe/Pipelinerun_withPC/Madrid/mergedChr/madrid_merged_noDup.bim +
/exports/reum/CKe/Pipelinerun_withPC/Madrid/mergedChr/madrid_merged_noDup.fam
... done.

End time: Fri Nov 26 18:16:04 2021
