PLINK v1.90p 64-bit (19 Feb 2020)
Options in effect:
  --bfile /exports/reum/CKe/ACPA/mergedChr/ACPAneg_merged
  --make-bed
  --out /exports/reum/CKe/ACPA/mergedChr/ACPAneg_merged_noverlap
  --remove /exports/reum/CKe/ACPA/mergedChr/ACPAneg_merged_overlapsToRemove.fam

Hostname: res-hpc-lo02.researchlumc.nl
Working directory: /home/cke
Start time: Wed Dec 15 10:44:31 2021

Random number seed: 1639561471
128524 MB RAM detected; reserving 64262 MB for main workspace.
12954732 variants loaded from .bim file.
273 people (0 males, 0 females, 273 ambiguous) loaded from .fam.
Ambiguous sex IDs written to
/exports/reum/CKe/ACPA/mergedChr/ACPAneg_merged_noverlap.nosex .
175 phenotype values loaded from .fam.
--remove: 235 people remaining.
Warning: Ignoring phenotypes of missing-sex samples.  If you don't want those
phenotypes to be ignored, use the --allow-no-sex flag.
Using 1 thread (no multithreaded calculations invoked).
Before main variant filters, 235 founders and 0 nonfounders present.
Calculating allele frequencies... done.
Total genotyping rate in remaining samples is 0.983506.
12954732 variants and 235 people pass filters and QC.
Among remaining phenotypes, 45 are cases and 118 are controls.  (72 phenotypes
are missing.)
--make-bed to /exports/reum/CKe/ACPA/mergedChr/ACPAneg_merged_noverlap.bed +
/exports/reum/CKe/ACPA/mergedChr/ACPAneg_merged_noverlap.bim +
/exports/reum/CKe/ACPA/mergedChr/ACPAneg_merged_noverlap.fam ... done.

End time: Wed Dec 15 10:44:55 2021
