MetaAnalysis Helper - (c) 2007 - 2009 Goncalo Abecasis
This version released on 2011-03-25

# This program faciliates meta-analysis of genome-wide association studies.
# Commonly used commands are listed below:
#
# Options for describing input files ...
#   SEPARATOR        [WHITESPACE|COMMA|BOTH|TAB] (default = WHITESPACE)
#   COLUMNCOUNTING   [STRICT|LENIENT]            (default = 'STRICT')
#   MARKERLABEL      [LABEL]                     (default = 'MARKER')
#   ALLELELABELS     [LABEL1 LABEL2]             (default = 'ALLELE1','ALLELE2')
#   EFFECTLABEL      [LABEL|log(LABEL)]          (default = 'EFFECT')
#   FLIP
#
# Options for filtering input files ...
#   ADDFILTER        [LABEL CONDITION VALUE]     (example = ADDFILTER N > 10)
#                    (available conditions are <, >, <=, >=, =, !=, IN)
#   REMOVEFILTERS
#
# Options for sample size weighted meta-analysis ...
#   WEIGHTLABEL      [LABEL]                     (default = 'N')
#   PVALUELABEL      [LABEL]                     (default = 'PVALUE')
#   DEFAULTWEIGHT    [NUMBER]                    (default = 1.0)
#   MINWEIGHT        [NUMBER]                    (default = 1.0)
#
# Options for inverse variance weighted meta-analysis ...
#   STDERRLABEL      [LABEL]                     (default = 'STDERR')
#   SCHEME           [SAMPLESIZE|STDERR]         (default = SAMPLESIZE)
#
# Options to enable tracking of allele frequencies ...
#   AVERAGEFREQ      [ON|OFF]                    (default = OFF)
#   MINMAXFREQ       [ON|OFF]                    (default = OFF)
#   FREQLABEL        [LABEL]                     (default = 'FREQ')
#
# Options to enable tracking of user defined variables ...
#   CUSTOMVARIABLE   [VARNAME]
#   LABEL            [VARNAME] AS [HEADER]
#
# Options to enable explicit strand information ...
#   USESTRAND        [ON|OFF]                    (default = OFF)
#   STRANDLABEL      [LABEL]                     (default = 'STRAND')
#
# Automatic genomic control correction of input statistics ...
#   GENOMICCONTROL   [ON|OFF|VALUE|LIST snps.txt](default = OFF)
#
# Options for general analysis control ...
#   PROCESSFILE      [FILENAME]
#   OUTFILE          [PREFIX SUFFIX]             (default = 'METAANALYSIS','.TBL')
#   MAXWARNINGS      [NUMBER]                    (default = 20)
#   VERBOSE          [ON|OFF]                    (default = 'OFF')
#   LOGPVALUE        [ON|OFF]                    (default = 'OFF')
#   ANALYZE          [HETEROGENEITY]
#   CLEAR

# Options for general run control ...
#   SOURCE           [SCRIPTFILE]
#   RETURN
#   QUIT

# Processing commands in /exports/reum/CKe/generic-metal/RunMeta/metal.txt ...
## Meta-analysis will be based on effect sizes and their standard errors ...
## Averaging of allele frequencies enabled
## Tracking of extreme allele frequencies enabled
## Set marker header to SNP ...
## Set weight header to NMISS ...
## Set allele headers to A1 and A2 ...
## Set effect header to BETA ...
## Set standard error header to SE ...
## Set p-value header to P ...
###########################################################################
## Processing file 'EIRA_noNA_simp_meta.txt'
## ERROR: Averaging of allele frequencies requested, but no 'FREQ' column found

###########################################################################
## Processing file 'ACPA_noNA_simp_meta.txt'
## ERROR: Averaging of allele frequencies requested, but no 'FREQ' column found

###########################################################################
## Processing file 'PEAC_noNA_simp_meta.txt'
## ERROR: Averaging of allele frequencies requested, but no 'FREQ' column found

###########################################################################
## Processing file 'SERA_noNA_simp_meta.txt'
## ERROR: Averaging of allele frequencies requested, but no 'FREQ' column found

###########################################################################
## Processing file 'EAC_noNA_simp_meta.txt'
## ERROR: Averaging of allele frequencies requested, but no 'FREQ' column found

###########################################################################
## Processing file 'Vienna_noNA_simp_meta.txt'
## ERROR: Averaging of allele frequencies requested, but no 'FREQ' column found

###########################################################################
## Processing file 'RAMS_noNA_simp_meta.txt'
## ERROR: Averaging of allele frequencies requested, but no 'FREQ' column found

###########################################################################
## Processing file 'Madrid_noNA_simp_meta.txt'
## ERROR: Averaging of allele frequencies requested, but no 'FREQ' column found

## Failed to open file 'EARTH_A_noNA_simp_meta.txt'
## Failed to open file 'EARTH_B_noNA_simp_meta.txt'
###########################################################################
## Processing file 'TACERA_noNA_simp_meta.txt'
## ERROR: Averaging of allele frequencies requested, but no 'FREQ' column found

## Set output file prefix and suffix to METALresult_withTACERA_refEIRA and .TBL ...
###########################################################################
## Executing meta-analysis ...
## Complete results will be stored in file 'METALresult_withTACERA_refEIRA1.TBL'
## Column descriptions will be stored in file 'METALresult_withTACERA_refEIRA1.TBL.info'
## Completed meta-analysis for 0 markers!

## Clearing all stored statistics ...
# Clearing user defined filters ...
