PLINK v1.90p 64-bit (19 Feb 2020)
Options in effect:
  --allow-no-sex
  --bfile /exports/reum/CKe/Tacera/Final_imputed/TACERA_HRCv1_1_FINAL
  --ci 0.95
  --covar /exports/reum/CKe/Tacera/Final_imputed/tacera.covar
  --hide-covar
  --logistic
  --out gwas_TACERA

Hostname: res-hpc-mem01.researchlumc.nl
Working directory: /exports/reum/CKe/Tacera/Final_imputed
Start time: Sun Sep 19 02:25:59 2021

Note: --hide-covar flag deprecated.  Use e.g. "--linear hide-covar".
Random number seed: 1632011159
3096392 MB RAM detected; reserving 1548196 MB for main workspace.
21193891 variants loaded from .bim file.
295 people (66 males, 175 females, 54 ambiguous) loaded from .fam.
Ambiguous sex IDs written to gwas_TACERA.nosex .
222 phenotype values loaded from .fam.
Using 1 thread (no multithreaded calculations invoked).
--covar: 2 covariates loaded.
54 people were not seen in the covariate file.
Before main variant filters, 295 founders and 0 nonfounders present.
Calculating allele frequencies... done.
Total genotyping rate is 0.998133.
21193891 variants and 295 people pass filters and QC.
Among remaining phenotypes, 84 are cases and 138 are controls.  (73 phenotypes
are missing.)
Writing logistic model association results to gwas_TACERA.assoc.logistic ...
done.

End time: Sun Sep 19 02:28:26 2021
