PLINK v1.90p 64-bit (19 Feb 2020)
Options in effect:
  --bfile /exports/reum/CKe/Pipelinerun_withPC/PEAC/mergedChr/PEAC_merged
  --exclude /exports/reum/CKe/Pipelinerun_withPC/PEAC/mergedChr/PEAC_merged_dupsExclude.txt
  --make-bed
  --out /exports/reum/CKe/Pipelinerun_withPC/PEAC/mergedChr/PEAC_merged_noDup

Hostname: res-hpc-mem01.researchlumc.nl
Working directory: /exports/reum/CKe/Pipelinerun_withPC
Start time: Fri Nov 26 19:49:22 2021

Random number seed: 1637952562
3096392 MB RAM detected; reserving 1548196 MB for main workspace.
18036602 variants loaded from .bim file.
213 people (0 males, 0 females, 213 ambiguous) loaded from .fam.
Ambiguous sex IDs written to
/exports/reum/CKe/Pipelinerun_withPC/PEAC/mergedChr/PEAC_merged_noDup.nosex .
103 phenotype values loaded from .fam.
--exclude: 14885094 variants remaining.
Warning: Ignoring phenotypes of missing-sex samples.  If you don't want those
phenotypes to be ignored, use the --allow-no-sex flag.
Using 1 thread (no multithreaded calculations invoked).
Before main variant filters, 213 founders and 0 nonfounders present.
Calculating allele frequencies... done.
Total genotyping rate is 0.969028.
14885094 variants and 213 people pass filters and QC.
Among remaining phenotypes, 38 are cases and 65 are controls.  (110 phenotypes
are missing.)
--make-bed to
/exports/reum/CKe/Pipelinerun_withPC/PEAC/mergedChr/PEAC_merged_noDup.bed +
/exports/reum/CKe/Pipelinerun_withPC/PEAC/mergedChr/PEAC_merged_noDup.bim +
/exports/reum/CKe/Pipelinerun_withPC/PEAC/mergedChr/PEAC_merged_noDup.fam ...
done.

End time: Fri Nov 26 19:49:59 2021
