Welcome to MAGMA v1.09b (linux)
Using flags:
	--bfile /exports/reum/CKe/gene_analysis/ref_Samantha_merged synonyms=/exports/reum/CKe/gene_analysis/dbsnp151.synonyms
	--pval /exports/reum/CKe/gene_analysis/METALresult_filtered_withSamplesize.TBL ncol=NMISS use=MarkerName,P-value
	--gene-annot /exports/reum/CKe/gene_analysis/Meta.genes.annot
	--gene-model multi
	--out Meta_gene

Start time is 14:20:28, Wednesday 06 Oct 2021

Loading PLINK-format data...
Reading file /exports/reum/CKe/gene_analysis/ref_Samantha_merged.fam... 5328 individuals read
Reading file /exports/reum/CKe/gene_analysis/ref_Samantha_merged.bim... 7655652 SNPs read
	WARNING: file contains 4779 duplicate SNP IDs; writing list of IDs to supplementary log file
Preparing file /exports/reum/CKe/gene_analysis/ref_Samantha_merged.bed... 

Reading SNP synonyms from file /exports/reum/CKe/gene_analysis/dbsnp151.synonyms
	read 0 mapped synonyms from file, mapping to 0 SNPs in the data
Reading SNP p-values from file /exports/reum/CKe/gene_analysis/METALresult_filtered_withSamplesize.TBL... 
	detected 10 variables in file
	using variable: MarkerName (SNP id)
	using variable: P-value (p-value)
	using variable: NMISS (sample size; discarding SNPs with N < 50)

ERROR - reading p-value file: no valid p-values found for any SNPs in the data

Terminating program.
