PLINK v1.90p 64-bit (19 Feb 2020)
Options in effect:
  --bfile GSA2021_523b2_025_V3
  --out GSA2021_523b2_025_V3
  --recode transpose tab

Hostname: res-hpc-lo02.researchlumc.nl
Working directory: /exports/reum/CKe/Manchester/PLINK_011121_0443
Start time: Wed Nov 10 03:45:30 2021

Random number seed: 1636512330
128524 MB RAM detected; reserving 64262 MB for main workspace.
725831 variants loaded from .bim file.
575 people (0 males, 0 females, 575 ambiguous) loaded from .fam.
Ambiguous sex IDs written to GSA2021_523b2_025_V3.nosex .
Using 1 thread (no multithreaded calculations invoked).
Before main variant filters, 575 founders and 0 nonfounders present.
Calculating allele frequencies... done.
Warning: Nonmissing nonmale Y chromosome genotype(s) present; many commands
treat these as missing.
Total genotyping rate is 0.998183.
725831 variants and 575 people pass filters and QC.
Note: No phenotypes present.
--recode transpose to GSA2021_523b2_025_V3.tped + GSA2021_523b2_025_V3.tfam ...
done.

End time: Wed Nov 10 03:45:43 2021
