PLINK v1.90p 64-bit (19 Feb 2020)
Options in effect:
  --bfile GSA2021_523b2_025_V3
  --list-duplicate-vars suppress-first
  --out GSA2021_523b2_025_V3_noDup

Hostname: res-hpc-exe039.researchlumc.nl
Working directory: /exports/reum/CKe/Manchester/PLINK_011121_0443
Start time: Tue Nov  9 15:16:45 2021

Random number seed: 1636467405
386867 MB RAM detected; reserving 193433 MB for main workspace.
725831 variants loaded from .bim file.
575 people (0 males, 0 females, 575 ambiguous) loaded from .fam.
Ambiguous sex IDs written to GSA2021_523b2_025_V3_noDup.nosex .
Using 1 thread (no multithreaded calculations invoked).
Before main variant filters, 575 founders and 0 nonfounders present.
Calculating allele frequencies... done.
Warning: Nonmissing nonmale Y chromosome genotype(s) present; many commands
treat these as missing.
Total genotyping rate is 0.998183.
725831 variants and 575 people pass filters and QC.
Note: No phenotypes present.
--list-duplicate-vars report written to GSA2021_523b2_025_V3_noDup.dupvar .

End time: Tue Nov  9 15:16:51 2021
