[2021-11-10 03:53:06 duplicated_samples INFO] Options used:
[2021-11-10 03:53:06 duplicated_samples INFO]   --sample-concordance-threshold 0.97
[2021-11-10 03:53:06 duplicated_samples INFO]   --tfile GSA2021_523b2_025_V3
[2021-11-10 03:53:06 duplicated_samples INFO]   --sample-completion-threshold 0.9
[2021-11-10 03:53:06 duplicated_samples INFO]   --out GSA2021_523b2_025_V3_dupsamples_shark
[2021-11-10 03:53:06 duplicated_samples INFO] Reading TFAM
[2021-11-10 03:53:06 duplicated_samples INFO] Finding duplicated samples
[2021-11-10 03:53:06 duplicated_samples INFO] Creating TFAM for unique samples
[2021-11-10 03:53:06 duplicated_samples INFO] Reading TPED (and creating TPED for unique samples)
[2021-11-10 03:54:20 duplicated_samples INFO] Computing the completion and concordance of duplicated samples
[2021-11-10 04:02:59 duplicated_samples INFO] Printing the statistics
[2021-11-10 04:02:59 duplicated_samples INFO] Printing the concordance file
Traceback (most recent call last):
  File "/home/cke/.conda/envs/CKe27/bin/pyGenClean_duplicated_samples", line 8, in <module>
    sys.exit(safe_main())
  File "/home/cke/.conda/envs/CKe27/lib/python2.7/site-packages/pyGenClean/DupSamples/duplicated_samples.py", line 1202, in safe_main
    main()
  File "/home/cke/.conda/envs/CKe27/lib/python2.7/site-packages/pyGenClean/DupSamples/duplicated_samples.py", line 136, in main
    concordance_percentage = printConcordance(concordance, args.out)
  File "/home/cke/.conda/envs/CKe27/lib/python2.7/site-packages/pyGenClean/DupSamples/duplicated_samples.py", line 654, in printConcordance
    concordance[key][1][none_zero],
TypeError: NumPy boolean array indexing assignment requires a 0 or 1-dimensional input, input has 2 dimensions
