PLINK v1.90p 64-bit (19 Feb 2020)
Options in effect:
  --a1-allele /exports/reum/CKe/Pipelinerun_withPC/Tacera/Final_imputed/TACERA_HRCv1_1_FINAL_AllelesCorr.txt
  --allow-no-sex
  --bfile /exports/reum/CKe/Pipelinerun_withPC/Tacera/Final_imputed/TACERA_HRCv1_1_FINAL
  --biallelic-only strict list
  --ci 0.95
  --covar /exports/reum/CKe/Pipelinerun_withPC/Tacera/Final_imputed/tacera_pc.covar
  --exclude /exports/reum/CKe/Pipelinerun_withPC/Tacera/Final_imputed/TACERA_HRCv1_1_FINAL_dupsExclude.txt
  --extract /exports/reum/CKe/Pipelinerun_withPC/MTXsubset/plinkmeta_top100_4ksup_chrbp.txt
  --freq
  --hide-covar
  --keep /exports/reum/CKe/Pipelinerun_withPC/MTXsubset/Tacera_merged_MTX.fam
  --logistic
  --out /exports/reum/CKe/Pipelinerun_withPC/MTXsubset/gwas_TACERA_noMAFfilter_MTX

Hostname: res-hpc-lo02.researchlumc.nl
Working directory: /exports/reum/CKe/Pipelinerun_withPC/MTXsubset
Start time: Wed Dec 15 14:48:55 2021

Note: --hide-covar flag deprecated.  Use e.g. "--linear hide-covar".
Random number seed: 1639576135
128524 MB RAM detected; reserving 64262 MB for main workspace.
21193891 variants loaded from .bim file.
295 people (66 males, 175 females, 54 ambiguous) loaded from .fam.
Ambiguous sex IDs written to
/exports/reum/CKe/Pipelinerun_withPC/MTXsubset/gwas_TACERA_noMAFfilter_MTX.nosex
.
222 phenotype values loaded from .fam.
--extract: 48 variants remaining.
--exclude: 48 variants remaining.
Warning: At least 32288 duplicate IDs in --exclude file.
--keep: 221 people remaining.
Using 1 thread (no multithreaded calculations invoked).
--covar: 12 covariates loaded.
2 people were not seen in the covariate file.
Before main variant filters, 221 founders and 0 nonfounders present.
Calculating allele frequencies... done.
Total genotyping rate in remaining samples is 0.992081.
--a1-allele: 48 assignments made.
--freq: Allele frequencies (founders only) written to
/exports/reum/CKe/Pipelinerun_withPC/MTXsubset/gwas_TACERA_noMAFfilter_MTX.frq
.
48 variants and 221 people pass filters and QC.
Among remaining phenotypes, 75 are cases and 127 are controls.  (19 phenotypes
are missing.)
Writing logistic model association results to
/exports/reum/CKe/Pipelinerun_withPC/MTXsubset/gwas_TACERA_noMAFfilter_MTX.assoc.logistic
... done.

End time: Wed Dec 15 14:49:06 2021
