PLINK v1.90p 64-bit (19 Feb 2020)
Options in effect:
  --a1-allele /exports/reum/CKe/Pipelinerun_withPC/SERA/mergedChr/sera_merged_AllelesCorr.txt
  --allow-no-sex
  --bfile /exports/reum/CKe/Pipelinerun_withPC/SERA/mergedChr/sera_merged
  --biallelic-only strict list
  --ci 0.95
  --covar /exports/reum/CKe/Pipelinerun_withPC/SERA/mergedChr/SERA_re_pc.covar
  --exclude /exports/reum/CKe/Pipelinerun_withPC/SERA/mergedChr/sera_merged_dupsExclude.txt
  --extract /exports/reum/CKe/Pipelinerun_withPC/SERA/mergedChr/SERA_top100_4ksup_chrbpa1.txt
  --freq
  --hide-covar
  --keep /exports/reum/CKe/Pipelinerun_withPC/MTXsubset/SERA_merged_MTX.fam
  --logistic
  --out /exports/reum/CKe/Pipelinerun_withPC/MTXsubset/gwas_SERA_flipped_noMAFfilter_MTX

Hostname: res-hpc-lo02.researchlumc.nl
Working directory: /exports/reum/CKe/Pipelinerun_withPC/MTXsubset
Start time: Wed Dec 15 14:49:17 2021

Note: --hide-covar flag deprecated.  Use e.g. "--linear hide-covar".
Random number seed: 1639576157
128524 MB RAM detected; reserving 64262 MB for main workspace.
15510242 variants loaded from .bim file.
668 people (0 males, 0 females, 668 ambiguous) loaded from .fam.
Ambiguous sex IDs written to
/exports/reum/CKe/Pipelinerun_withPC/MTXsubset/gwas_SERA_flipped_noMAFfilter_MTX.nosex
.
421 phenotype values loaded from .fam.
--extract: 100 variants remaining.
--exclude: 100 variants remaining.
--keep: 135 people remaining.
Using 1 thread (no multithreaded calculations invoked).
--covar: 12 covariates loaded.
46 people were not seen in the covariate file.
Before main variant filters, 135 founders and 0 nonfounders present.
Calculating allele frequencies... done.
Total genotyping rate in remaining samples is 0.989185.
--a1-allele: 100 assignments made.
--freq: Allele frequencies (founders only) written to
/exports/reum/CKe/Pipelinerun_withPC/MTXsubset/gwas_SERA_flipped_noMAFfilter_MTX.frq
.
100 variants and 135 people pass filters and QC.
Among remaining phenotypes, 42 are cases and 47 are controls.  (46 phenotypes
are missing.)
Writing logistic model association results to
/exports/reum/CKe/Pipelinerun_withPC/MTXsubset/gwas_SERA_flipped_noMAFfilter_MTX.assoc.logistic
... done.

End time: Wed Dec 15 14:49:26 2021
