PLINK v1.90p 64-bit (19 Feb 2020)
Options in effect:
  --a1-allele /exports/reum/CKe/Pipelinerun_withPC/Madrid/mergedChr/madrid_merged_AllelesCorr.txt
  --allow-no-sex
  --bfile /exports/reum/CKe/Pipelinerun_withPC/Madrid/mergedChr/madrid_merged
  --biallelic-only strict list
  --ci 0.95
  --covar /exports/reum/CKe/Pipelinerun_withPC/Madrid/mergedChr/Madrid_re_pc.covar
  --exclude /exports/reum/CKe/Pipelinerun_withPC/Madrid/mergedChr/madrid_merged_dupsExclude.txt
  --extract /exports/reum/CKe/Pipelinerun_withPC/Madrid/mergedChr/Madrid_top100_4ksup_chrbpa1.txt
  --freq
  --hide-covar
  --keep /exports/reum/CKe/Pipelinerun_withPC/MTXsubset/Madrid_merged_MTX.fam
  --logistic
  --out /exports/reum/CKe/Pipelinerun_withPC/MTXsubset/gwas_madrid_flipped_noMAFfilter_MTX

Hostname: res-hpc-lo02.researchlumc.nl
Working directory: /exports/reum/CKe/Pipelinerun_withPC/MTXsubset
Start time: Wed Dec 15 14:49:40 2021

Note: --hide-covar flag deprecated.  Use e.g. "--linear hide-covar".
Random number seed: 1639576180
128524 MB RAM detected; reserving 64262 MB for main workspace.
13039847 variants loaded from .bim file.
141 people (0 males, 0 females, 141 ambiguous) loaded from .fam.
Ambiguous sex IDs written to
/exports/reum/CKe/Pipelinerun_withPC/MTXsubset/gwas_madrid_flipped_noMAFfilter_MTX.nosex
.
115 phenotype values loaded from .fam.
--extract: 99 variants remaining.
--exclude: 99 variants remaining.
--keep: 94 people remaining.
Using 1 thread (no multithreaded calculations invoked).
--covar: 12 covariates loaded.
Before main variant filters, 94 founders and 0 nonfounders present.
Calculating allele frequencies... done.
Total genotyping rate in remaining samples is 0.970986.
--a1-allele: 99 assignments made.
--freq: Allele frequencies (founders only) written to
/exports/reum/CKe/Pipelinerun_withPC/MTXsubset/gwas_madrid_flipped_noMAFfilter_MTX.frq
.
99 variants and 94 people pass filters and QC.
Among remaining phenotypes, 42 are cases and 48 are controls.  (4 phenotypes
are missing.)
Writing logistic model association results to
/exports/reum/CKe/Pipelinerun_withPC/MTXsubset/gwas_madrid_flipped_noMAFfilter_MTX.assoc.logistic
... done.

End time: Wed Dec 15 14:49:48 2021
