PLINK v1.90p 64-bit (19 Feb 2020)
Options in effect:
  --a1-allele /exports/reum/CKe/Pipelinerun_withPC/EARTH_A/mergedChr/EA127genotypes_merged_AllelesCorr.txt
  --allow-no-sex
  --bfile /exports/reum/CKe/Pipelinerun_withPC/EARTH_A/mergedChr/EA127genotypes_merged
  --biallelic-only strict list
  --ci 0.95
  --covar /exports/reum/CKe/Pipelinerun_withPC/EARTH_A/mergedChr/EARTH_A_re_pc.covar
  --exclude /exports/reum/CKe/Pipelinerun_withPC/EARTH_A/mergedChr/EA127genotypes_merged_dupsExclude.txt
  --extract /exports/reum/CKe/Pipelinerun_withPC/EARTH_A/mergedChr/EARTH_A_top100_4ksup_chrbpa1.txt
  --freq
  --hide-covar
  --keep /exports/reum/CKe/Pipelinerun_withPC/MTXsubset/EARTH_setA_merged_MTX.fam
  --logistic
  --out /exports/reum/CKe/Pipelinerun_withPC/MTXsubset/gwas_EARTHA_flipped_noMAFfilter_MTX

Hostname: res-hpc-lo02.researchlumc.nl
Working directory: /exports/reum/CKe/Pipelinerun_withPC/MTXsubset
Start time: Wed Dec 15 14:49:48 2021

Note: --hide-covar flag deprecated.  Use e.g. "--linear hide-covar".
Random number seed: 1639576188
128524 MB RAM detected; reserving 64262 MB for main workspace.
10235902 variants loaded from .bim file.
127 people (0 males, 0 females, 127 ambiguous) loaded from .fam.
Ambiguous sex IDs written to
/exports/reum/CKe/Pipelinerun_withPC/MTXsubset/gwas_EARTHA_flipped_noMAFfilter_MTX.nosex
.
80 phenotype values loaded from .fam.
--extract: 99 variants remaining.
--exclude: 99 variants remaining.
--keep: 64 people remaining.
Using 1 thread (no multithreaded calculations invoked).
--covar: 12 covariates loaded.
Before main variant filters, 64 founders and 0 nonfounders present.
Calculating allele frequencies... done.
Total genotyping rate in remaining samples is 0.979324.
--a1-allele: 99 assignments made.
--freq: Allele frequencies (founders only) written to
/exports/reum/CKe/Pipelinerun_withPC/MTXsubset/gwas_EARTHA_flipped_noMAFfilter_MTX.frq
.
99 variants and 64 people pass filters and QC.
Among remaining phenotypes, 38 are cases and 24 are controls.  (2 phenotypes
are missing.)
Writing logistic model association results to
/exports/reum/CKe/Pipelinerun_withPC/MTXsubset/gwas_EARTHA_flipped_noMAFfilter_MTX.assoc.logistic
... done.

End time: Wed Dec 15 14:49:54 2021
