PLINK v1.90p 64-bit (19 Feb 2020)
Options in effect:
  --allow-no-sex
  --bfile /exports/reum/CKe/EIRA/mergedChr/EIRA_merged
  --ci 0.95
  --covar /exports/reum/CKe/EIRA/mergedChr/EIRA_re.covar
  --hide-covar
  --logistic
  --out /exports/reum/CKe/EIRA/mergedChr/gwas_EIRA_1

Hostname: res-hpc-exe030.researchlumc.nl
Working directory: /exports/reum/CKe/EIRA/mergedChr
Start time: Thu Aug 12 14:05:12 2021

Note: --hide-covar flag deprecated.  Use e.g. "--linear hide-covar".
Random number seed: 1628769912
386895 MB RAM detected; reserving 193447 MB for main workspace.
20510411 variants loaded from .bim file.
2182 people (0 males, 0 females, 2182 ambiguous) loaded from .fam.
Ambiguous sex IDs written to /exports/reum/CKe/EIRA/mergedChr/gwas_EIRA_1.nosex
.
2075 phenotype values loaded from .fam.
Using 1 thread (no multithreaded calculations invoked).
--covar: 2 covariates loaded.
Before main variant filters, 2182 founders and 0 nonfounders present.
Calculating allele frequencies... done.
Total genotyping rate is 0.994582.
20510411 variants and 2182 people pass filters and QC.
Among remaining phenotypes, 1198 are cases and 877 are controls.  (107
phenotypes are missing.)
Writing logistic model association results to
/exports/reum/CKe/EIRA/mergedChr/gwas_EIRA_1.assoc.logistic ... done.

End time: Thu Aug 12 14:28:28 2021
