PLINK v1.90p 64-bit (19 Feb 2020)
Options in effect:
  --bfile /exports/reum/CKe/EIRA/mergedChr/EIRA_merged
  --freq
  --out /exports/reum/CKe/EIRA/mergedChr/MAF_EIRA

Hostname: res-hpc-exe024.researchlumc.nl
Working directory: /exports/reum/CKe/dosage
Start time: Mon Sep 20 17:27:40 2021

Random number seed: 1632151660
128820 MB RAM detected; reserving 64410 MB for main workspace.
20510411 variants loaded from .bim file.
2182 people (0 males, 0 females, 2182 ambiguous) loaded from .fam.
Ambiguous sex IDs written to /exports/reum/CKe/EIRA/mergedChr/MAF_EIRA.nosex .
2075 phenotype values loaded from .fam.
Warning: Ignoring phenotypes of missing-sex samples.  If you don't want those
phenotypes to be ignored, use the --allow-no-sex flag.
Using 1 thread (no multithreaded calculations invoked).
Before main variant filters, 2182 founders and 0 nonfounders present.
Calculating allele frequencies... done.
Total genotyping rate is 0.994582.
--freq: Allele frequencies (founders only) written to
/exports/reum/CKe/EIRA/mergedChr/MAF_EIRA.frq .

End time: Mon Sep 20 17:29:09 2021
