PLINK v1.90p 64-bit (19 Feb 2020)
Options in effect:
  --bfile /exports/reum/CKe/SERA/mergedChr/sera_merged
  --freq
  --out /exports/reum/CKe/SERA/mergedChr/MAF_sera

Hostname: res-hpc-exe007.researchlumc.nl
Working directory: /exports/reum/CKe/dosage
Start time: Mon Sep 20 17:36:32 2021

Random number seed: 1632152192
386895 MB RAM detected; reserving 193447 MB for main workspace.
15510242 variants loaded from .bim file.
668 people (0 males, 0 females, 668 ambiguous) loaded from .fam.
Ambiguous sex IDs written to /exports/reum/CKe/SERA/mergedChr/MAF_sera.nosex .
421 phenotype values loaded from .fam.
Warning: Ignoring phenotypes of missing-sex samples.  If you don't want those
phenotypes to be ignored, use the --allow-no-sex flag.
Using 1 thread (no multithreaded calculations invoked).
Before main variant filters, 668 founders and 0 nonfounders present.
Calculating allele frequencies... done.
Total genotyping rate is 0.991838.
--freq: Allele frequencies (founders only) written to
/exports/reum/CKe/SERA/mergedChr/MAF_sera.frq .

End time: Mon Sep 20 17:37:07 2021
