PLINK v1.90p 64-bit (19 Feb 2020)
Options in effect:
  --a1-allele /exports/reum/CKe/Pipelinerun_withPC/SERA/mergedChr/sera_merged_AllelesCorr.txt
  --allow-no-sex
  --bfile /exports/reum/CKe/Pipelinerun_withPC/SERA/mergedChr/sera_merged_noDup
  --biallelic-only strict list
  --ci 0.95
  --covar /exports/reum/CKe/Pipelinerun_withPC/SERA/mergedChr/SERA_re_pc.covar
  --freq
  --hide-covar
  --logistic
  --out /exports/reum/CKe/Pipelinerun_withPC/SERA/mergedChr/gwas_SERA_flipped_noMAFfilter

Hostname: res-hpc-mem01.researchlumc.nl
Working directory: /exports/reum/CKe/Pipelinerun_withPC
Start time: Fri Nov 26 19:10:11 2021

Note: --hide-covar flag deprecated.  Use e.g. "--linear hide-covar".
Random number seed: 1637950211
3096392 MB RAM detected; reserving 1548196 MB for main workspace.
12348356 variants loaded from .bim file.
668 people (0 males, 0 females, 668 ambiguous) loaded from .fam.
Ambiguous sex IDs written to
/exports/reum/CKe/Pipelinerun_withPC/SERA/mergedChr/gwas_SERA_flipped_noMAFfilter.nosex
.
421 phenotype values loaded from .fam.
Using 1 thread (no multithreaded calculations invoked).
--covar: 12 covariates loaded.
247 people were not seen in the covariate file.
Before main variant filters, 668 founders and 0 nonfounders present.
Calculating allele frequencies... done.
Total genotyping rate is 0.992667.
--a1-allele: 12348356 assignments made.
--freq: Allele frequencies (founders only) written to
/exports/reum/CKe/Pipelinerun_withPC/SERA/mergedChr/gwas_SERA_flipped_noMAFfilter.frq
.
12348356 variants and 668 people pass filters and QC.
Among remaining phenotypes, 170 are cases and 251 are controls.  (247
phenotypes are missing.)
Writing logistic model association results to
/exports/reum/CKe/Pipelinerun_withPC/SERA/mergedChr/gwas_SERA_flipped_noMAFfilter.assoc.logistic
... done.

End time: Fri Nov 26 19:42:37 2021
