PLINK v1.90p 64-bit (19 Feb 2020)
Options in effect:
  --bfile /exports/reum/CKe/Pipelinerun_withPC/SERA/mergedChr/sera_merged
  --exclude /exports/reum/CKe/Pipelinerun_withPC/SERA/mergedChr/sera_merged_dupsExclude.txt
  --make-bed
  --out /exports/reum/CKe/Pipelinerun_withPC/SERA/mergedChr/sera_merged_noDup

Hostname: res-hpc-mem01.researchlumc.nl
Working directory: /exports/reum/CKe/Pipelinerun_withPC
Start time: Fri Nov 26 19:09:05 2021

Random number seed: 1637950145
3096392 MB RAM detected; reserving 1548196 MB for main workspace.
15510242 variants loaded from .bim file.
668 people (0 males, 0 females, 668 ambiguous) loaded from .fam.
Ambiguous sex IDs written to
/exports/reum/CKe/Pipelinerun_withPC/SERA/mergedChr/sera_merged_noDup.nosex .
421 phenotype values loaded from .fam.
--exclude: 12348356 variants remaining.
Warning: Ignoring phenotypes of missing-sex samples.  If you don't want those
phenotypes to be ignored, use the --allow-no-sex flag.
Using 1 thread (no multithreaded calculations invoked).
Before main variant filters, 668 founders and 0 nonfounders present.
Calculating allele frequencies... done.
Total genotyping rate is 0.992667.
12348356 variants and 668 people pass filters and QC.
Among remaining phenotypes, 170 are cases and 251 are controls.  (247
phenotypes are missing.)
--make-bed to
/exports/reum/CKe/Pipelinerun_withPC/SERA/mergedChr/sera_merged_noDup.bed +
/exports/reum/CKe/Pipelinerun_withPC/SERA/mergedChr/sera_merged_noDup.bim +
/exports/reum/CKe/Pipelinerun_withPC/SERA/mergedChr/sera_merged_noDup.fam ...
done.

End time: Fri Nov 26 19:10:11 2021
