Welcome to MAGMA v1.09b (linux)
Using flags:
	--bfile /exports/reum/CKe/gene_analysis/g1000_eur/g1000_eur
	--pval /exports/reum/CKe/Pipelinerun_withPC/RunMeta/noMAFfilter/PlinkMeta_A1corr_noMAFfilter_Allcohorts_withPC_toFUMA.txt ncol=NMISS use=SNP,7
	--gene-annot Meta_plink_fixed.genes.annot
	--gene-model multi
	--out Meta_plink_fixed_gene_ref1000g

Start time is 17:06:33, Wednesday 08 Dec 2021

Loading PLINK-format data...
Reading file /exports/reum/CKe/gene_analysis/g1000_eur/g1000_eur.fam... 503 individuals read
Reading file /exports/reum/CKe/gene_analysis/g1000_eur/g1000_eur.bim... 22665064 SNPs read
Preparing file /exports/reum/CKe/gene_analysis/g1000_eur/g1000_eur.bed... 

Reading SNP synonyms from file /exports/reum/CKe/gene_analysis/g1000_eur/g1000_eur.synonyms (auto-detected)
	read 6016767 mapped synonyms from file, mapping to 3921040 SNPs in the data
	WARNING: detected 133 synonymous SNP pairs in the data
	         skipped all synonym entries involved, synonymous SNPs are kept in analysis
	         writing list of detected synonyms in data to supplementary log file
Reading SNP p-values from file /exports/reum/CKe/Pipelinerun_withPC/RunMeta/noMAFfilter/PlinkMeta_A1corr_noMAFfilter_Allcohorts_withPC_toFUMA.txt... 
	detected 13 variables in file
	using variable: SNP (SNP id)
	using variable: P (p-value)
	using variable: NMISS (sample size; discarding SNPs with N < 50)

ERROR - reading p-value file: no valid p-values found for any SNPs in the data

Terminating program.
Welcome to MAGMA v1.09b (linux)
Using flags:
	--gene-results Meta_plink_fixed_gene_ref1000g.genes.raw
	--set-annot /exports/reum/CKe/gene_analysis/msigdb.v7.4.entrez.gmt
	--out Meta_plink_fixed_allMsigdb_ref1000g

Start time is 17:07:09, Wednesday 08 Dec 2021


ERROR - parsing arguments: file 'Meta_plink_fixed_gene_ref1000g.genes.raw' specified in --gene-results does not exist or is not a file.

Terminating program.
Welcome to MAGMA v1.09b (linux)
Using flags:
	--gene-results Meta_plink_fixed_gene_ref1000g.genes.raw
	--set-annot /exports/reum/CKe/gene_analysis/c2cp_c3all_c5go_c7immu_v7.4.entrez.gmt
	--out Meta_plink_fixed_ref1000g

Start time is 17:07:09, Wednesday 08 Dec 2021


ERROR - parsing arguments: file 'Meta_plink_fixed_gene_ref1000g.genes.raw' specified in --gene-results does not exist or is not a file.

Terminating program.
