
Working on 1

VCFtools - 0.1.16
(C) Adam Auton and Anthony Marcketta 2009

Parameters as interpreted:
	--gzvcf chr1.dose.vcf.gz
	--out PostImpCleaned_CKe/ACPAneg_chr1_clean
	--recode
	--exclude PostImpCleaned_CKe/ACPAneg_chr1_ExcludePositions.txt

Using zlib version: 1.2.11
Warning: Expected at least 2 parts in FORMAT entry: ID=GP,Number=3,Type=Float,Description="Estimated Posterior Probabilities for Genotypes 0/0, 0/1 and 1/1 ">
After filtering, kept 273 out of 273 Individuals
Outputting VCF file...
After filtering, kept 1009688 out of a possible 3069931 Sites
Run Time = 347.00 seconds

Working on 2

VCFtools - 0.1.16
(C) Adam Auton and Anthony Marcketta 2009

Parameters as interpreted:
	--gzvcf chr2.dose.vcf.gz
	--out PostImpCleaned_CKe/ACPAneg_chr2_clean
	--recode
	--exclude PostImpCleaned_CKe/ACPAneg_chr2_ExcludePositions.txt

Using zlib version: 1.2.11
Warning: Expected at least 2 parts in FORMAT entry: ID=GP,Number=3,Type=Float,Description="Estimated Posterior Probabilities for Genotypes 0/0, 0/1 and 1/1 ">
After filtering, kept 273 out of 273 Individuals
Outputting VCF file...
After filtering, kept 1104783 out of a possible 3392237 Sites
Run Time = 383.00 seconds

Working on 3

VCFtools - 0.1.16
(C) Adam Auton and Anthony Marcketta 2009

Parameters as interpreted:
	--gzvcf chr3.dose.vcf.gz
	--out PostImpCleaned_CKe/ACPAneg_chr3_clean
	--recode
	--exclude PostImpCleaned_CKe/ACPAneg_chr3_ExcludePositions.txt

Using zlib version: 1.2.11
Warning: Expected at least 2 parts in FORMAT entry: ID=GP,Number=3,Type=Float,Description="Estimated Posterior Probabilities for Genotypes 0/0, 0/1 and 1/1 ">
After filtering, kept 273 out of 273 Individuals
Outputting VCF file...
After filtering, kept 955687 out of a possible 2821894 Sites
Run Time = 329.00 seconds

Working on 4

VCFtools - 0.1.16
(C) Adam Auton and Anthony Marcketta 2009

Parameters as interpreted:
	--gzvcf chr4.dose.vcf.gz
	--out PostImpCleaned_CKe/ACPAneg_chr4_clean
	--recode
	--exclude PostImpCleaned_CKe/ACPAneg_chr4_ExcludePositions.txt

Using zlib version: 1.2.11
Warning: Expected at least 2 parts in FORMAT entry: ID=GP,Number=3,Type=Float,Description="Estimated Posterior Probabilities for Genotypes 0/0, 0/1 and 1/1 ">
After filtering, kept 273 out of 273 Individuals
Outputting VCF file...
After filtering, kept 909306 out of a possible 2787581 Sites
Run Time = 321.00 seconds

Working on 5

VCFtools - 0.1.16
(C) Adam Auton and Anthony Marcketta 2009

Parameters as interpreted:
	--gzvcf chr5.dose.vcf.gz
	--out PostImpCleaned_CKe/ACPAneg_chr5_clean
	--recode
	--exclude PostImpCleaned_CKe/ACPAneg_chr5_ExcludePositions.txt

Using zlib version: 1.2.11
Warning: Expected at least 2 parts in FORMAT entry: ID=GP,Number=3,Type=Float,Description="Estimated Posterior Probabilities for Genotypes 0/0, 0/1 and 1/1 ">
After filtering, kept 273 out of 273 Individuals
Outputting VCF file...
After filtering, kept 841505 out of a possible 2588168 Sites
Run Time = 307.00 seconds

Working on 6

VCFtools - 0.1.16
(C) Adam Auton and Anthony Marcketta 2009

Parameters as interpreted:
	--gzvcf chr6.dose.vcf.gz
	--out PostImpCleaned_CKe/ACPAneg_chr6_clean
	--recode
	--exclude PostImpCleaned_CKe/ACPAneg_chr6_ExcludePositions.txt

Using zlib version: 1.2.11
Warning: Expected at least 2 parts in FORMAT entry: ID=GP,Number=3,Type=Float,Description="Estimated Posterior Probabilities for Genotypes 0/0, 0/1 and 1/1 ">
After filtering, kept 273 out of 273 Individuals
Outputting VCF file...
After filtering, kept 830856 out of a possible 2460111 Sites
Run Time = 292.00 seconds

Working on 7

VCFtools - 0.1.16
(C) Adam Auton and Anthony Marcketta 2009

Parameters as interpreted:
	--gzvcf chr7.dose.vcf.gz
	--out PostImpCleaned_CKe/ACPAneg_chr7_clean
	--recode
	--exclude PostImpCleaned_CKe/ACPAneg_chr7_ExcludePositions.txt

Using zlib version: 1.2.11
Warning: Expected at least 2 parts in FORMAT entry: ID=GP,Number=3,Type=Float,Description="Estimated Posterior Probabilities for Genotypes 0/0, 0/1 and 1/1 ">
After filtering, kept 273 out of 273 Individuals
Outputting VCF file...
After filtering, kept 770422 out of a possible 2289305 Sites
Run Time = 265.00 seconds

Working on 8

VCFtools - 0.1.16
(C) Adam Auton and Anthony Marcketta 2009

Parameters as interpreted:
	--gzvcf chr8.dose.vcf.gz
	--out PostImpCleaned_CKe/ACPAneg_chr8_clean
	--recode
	--exclude PostImpCleaned_CKe/ACPAneg_chr8_ExcludePositions.txt

Using zlib version: 1.2.11
Warning: Expected at least 2 parts in FORMAT entry: ID=GP,Number=3,Type=Float,Description="Estimated Posterior Probabilities for Genotypes 0/0, 0/1 and 1/1 ">
After filtering, kept 273 out of 273 Individuals
Outputting VCF file...
After filtering, kept 753540 out of a possible 2242705 Sites
Run Time = 259.00 seconds

Working on 9

VCFtools - 0.1.16
(C) Adam Auton and Anthony Marcketta 2009

Parameters as interpreted:
	--gzvcf chr9.dose.vcf.gz
	--out PostImpCleaned_CKe/ACPAneg_chr9_clean
	--recode
	--exclude PostImpCleaned_CKe/ACPAneg_chr9_ExcludePositions.txt

Using zlib version: 1.2.11
Warning: Expected at least 2 parts in FORMAT entry: ID=GP,Number=3,Type=Float,Description="Estimated Posterior Probabilities for Genotypes 0/0, 0/1 and 1/1 ">
After filtering, kept 273 out of 273 Individuals
Outputting VCF file...
After filtering, kept 557195 out of a possible 1675898 Sites
Run Time = 204.00 seconds

Working on 10

VCFtools - 0.1.16
(C) Adam Auton and Anthony Marcketta 2009

Parameters as interpreted:
	--gzvcf chr10.dose.vcf.gz
	--out PostImpCleaned_CKe/ACPAneg_chr10_clean
	--recode
	--exclude PostImpCleaned_CKe/ACPAneg_chr10_ExcludePositions.txt

Using zlib version: 1.2.11
Warning: Expected at least 2 parts in FORMAT entry: ID=GP,Number=3,Type=Float,Description="Estimated Posterior Probabilities for Genotypes 0/0, 0/1 and 1/1 ">
After filtering, kept 273 out of 273 Individuals
Outputting VCF file...
After filtering, kept 655102 out of a possible 1927503 Sites
Run Time = 232.00 seconds

Working on 11

VCFtools - 0.1.16
(C) Adam Auton and Anthony Marcketta 2009

Parameters as interpreted:
	--gzvcf chr11.dose.vcf.gz
	--out PostImpCleaned_CKe/ACPAneg_chr11_clean
	--recode
	--exclude PostImpCleaned_CKe/ACPAneg_chr11_ExcludePositions.txt

Using zlib version: 1.2.11
Warning: Expected at least 2 parts in FORMAT entry: ID=GP,Number=3,Type=Float,Description="Estimated Posterior Probabilities for Genotypes 0/0, 0/1 and 1/1 ">
After filtering, kept 273 out of 273 Individuals
Outputting VCF file...
After filtering, kept 658934 out of a possible 1936990 Sites
Run Time = 231.00 seconds

Working on 12

VCFtools - 0.1.16
(C) Adam Auton and Anthony Marcketta 2009

Parameters as interpreted:
	--gzvcf chr12.dose.vcf.gz
	--out PostImpCleaned_CKe/ACPAneg_chr12_clean
	--recode
	--exclude PostImpCleaned_CKe/ACPAneg_chr12_ExcludePositions.txt

Using zlib version: 1.2.11
Warning: Expected at least 2 parts in FORMAT entry: ID=GP,Number=3,Type=Float,Description="Estimated Posterior Probabilities for Genotypes 0/0, 0/1 and 1/1 ">
After filtering, kept 273 out of 273 Individuals
Outputting VCF file...
After filtering, kept 610994 out of a possible 1848117 Sites
Run Time = 213.00 seconds

Working on 13

VCFtools - 0.1.16
(C) Adam Auton and Anthony Marcketta 2009

Parameters as interpreted:
	--gzvcf chr13.dose.vcf.gz
	--out PostImpCleaned_CKe/ACPAneg_chr13_clean
	--recode
	--exclude PostImpCleaned_CKe/ACPAneg_chr13_ExcludePositions.txt

Using zlib version: 1.2.11
Warning: Expected at least 2 parts in FORMAT entry: ID=GP,Number=3,Type=Float,Description="Estimated Posterior Probabilities for Genotypes 0/0, 0/1 and 1/1 ">
After filtering, kept 273 out of 273 Individuals
Outputting VCF file...
After filtering, kept 478977 out of a possible 1385433 Sites
Run Time = 166.00 seconds

Working on 14

VCFtools - 0.1.16
(C) Adam Auton and Anthony Marcketta 2009

Parameters as interpreted:
	--gzvcf chr14.dose.vcf.gz
	--out PostImpCleaned_CKe/ACPAneg_chr14_clean
	--recode
	--exclude PostImpCleaned_CKe/ACPAneg_chr14_ExcludePositions.txt

Using zlib version: 1.2.11
Warning: Expected at least 2 parts in FORMAT entry: ID=GP,Number=3,Type=Float,Description="Estimated Posterior Probabilities for Genotypes 0/0, 0/1 and 1/1 ">
After filtering, kept 273 out of 273 Individuals
Outputting VCF file...
After filtering, kept 429534 out of a possible 1266536 Sites
Run Time = 148.00 seconds

Working on 15

VCFtools - 0.1.16
(C) Adam Auton and Anthony Marcketta 2009

Parameters as interpreted:
	--gzvcf chr15.dose.vcf.gz
	--out PostImpCleaned_CKe/ACPAneg_chr15_clean
	--recode
	--exclude PostImpCleaned_CKe/ACPAneg_chr15_ExcludePositions.txt

Using zlib version: 1.2.11
Warning: Expected at least 2 parts in FORMAT entry: ID=GP,Number=3,Type=Float,Description="Estimated Posterior Probabilities for Genotypes 0/0, 0/1 and 1/1 ">
After filtering, kept 273 out of 273 Individuals
Outputting VCF file...
After filtering, kept 373496 out of a possible 1139215 Sites
Run Time = 135.00 seconds

Working on 16

VCFtools - 0.1.16
(C) Adam Auton and Anthony Marcketta 2009

Parameters as interpreted:
	--gzvcf chr16.dose.vcf.gz
	--out PostImpCleaned_CKe/ACPAneg_chr16_clean
	--recode
	--exclude PostImpCleaned_CKe/ACPAneg_chr16_ExcludePositions.txt

Using zlib version: 1.2.11
Warning: Expected at least 2 parts in FORMAT entry: ID=GP,Number=3,Type=Float,Description="Estimated Posterior Probabilities for Genotypes 0/0, 0/1 and 1/1 ">
After filtering, kept 273 out of 273 Individuals
Outputting VCF file...
After filtering, kept 391131 out of a possible 1281297 Sites
Run Time = 140.00 seconds

Working on 17

VCFtools - 0.1.16
(C) Adam Auton and Anthony Marcketta 2009

Parameters as interpreted:
	--gzvcf chr17.dose.vcf.gz
	--out PostImpCleaned_CKe/ACPAneg_chr17_clean
	--recode
	--exclude PostImpCleaned_CKe/ACPAneg_chr17_ExcludePositions.txt

Using zlib version: 1.2.11
Warning: Expected at least 2 parts in FORMAT entry: ID=GP,Number=3,Type=Float,Description="Estimated Posterior Probabilities for Genotypes 0/0, 0/1 and 1/1 ">
After filtering, kept 273 out of 273 Individuals
Outputting VCF file...
After filtering, kept 344324 out of a possible 1090072 Sites
Run Time = 125.00 seconds

Working on 18

VCFtools - 0.1.16
(C) Adam Auton and Anthony Marcketta 2009

Parameters as interpreted:
	--gzvcf chr18.dose.vcf.gz
	--out PostImpCleaned_CKe/ACPAneg_chr18_clean
	--recode
	--exclude PostImpCleaned_CKe/ACPAneg_chr18_ExcludePositions.txt

Using zlib version: 1.2.11
Warning: Expected at least 2 parts in FORMAT entry: ID=GP,Number=3,Type=Float,Description="Estimated Posterior Probabilities for Genotypes 0/0, 0/1 and 1/1 ">
After filtering, kept 273 out of 273 Individuals
Outputting VCF file...
After filtering, kept 366722 out of a possible 1104755 Sites
Run Time = 128.00 seconds

Working on 19

VCFtools - 0.1.16
(C) Adam Auton and Anthony Marcketta 2009

Parameters as interpreted:
	--gzvcf chr19.dose.vcf.gz
	--out PostImpCleaned_CKe/ACPAneg_chr19_clean
	--recode
	--exclude PostImpCleaned_CKe/ACPAneg_chr19_ExcludePositions.txt

Using zlib version: 1.2.11
Warning: Expected at least 2 parts in FORMAT entry: ID=GP,Number=3,Type=Float,Description="Estimated Posterior Probabilities for Genotypes 0/0, 0/1 and 1/1 ">
After filtering, kept 273 out of 273 Individuals
Outputting VCF file...
After filtering, kept 279769 out of a possible 868554 Sites
Run Time = 102.00 seconds

Working on 20

VCFtools - 0.1.16
(C) Adam Auton and Anthony Marcketta 2009

Parameters as interpreted:
	--gzvcf chr20.dose.vcf.gz
	--out PostImpCleaned_CKe/ACPAneg_chr20_clean
	--recode
	--exclude PostImpCleaned_CKe/ACPAneg_chr20_ExcludePositions.txt

Using zlib version: 1.2.11
Warning: Expected at least 2 parts in FORMAT entry: ID=GP,Number=3,Type=Float,Description="Estimated Posterior Probabilities for Genotypes 0/0, 0/1 and 1/1 ">
After filtering, kept 273 out of 273 Individuals
Outputting VCF file...
After filtering, kept 287555 out of a possible 884983 Sites
Run Time = 101.00 seconds

Working on 21

VCFtools - 0.1.16
(C) Adam Auton and Anthony Marcketta 2009

Parameters as interpreted:
	--gzvcf chr21.dose.vcf.gz
	--out PostImpCleaned_CKe/ACPAneg_chr21_clean
	--recode
	--exclude PostImpCleaned_CKe/ACPAneg_chr21_ExcludePositions.txt

Using zlib version: 1.2.11
Warning: Expected at least 2 parts in FORMAT entry: ID=GP,Number=3,Type=Float,Description="Estimated Posterior Probabilities for Genotypes 0/0, 0/1 and 1/1 ">
After filtering, kept 273 out of 273 Individuals
Outputting VCF file...
After filtering, kept 175837 out of a possible 531276 Sites
Run Time = 63.00 seconds

Working on 22

VCFtools - 0.1.16
(C) Adam Auton and Anthony Marcketta 2009

Parameters as interpreted:
	--gzvcf chr22.dose.vcf.gz
	--out PostImpCleaned_CKe/ACPAneg_chr22_clean
	--recode
	--exclude PostImpCleaned_CKe/ACPAneg_chr22_ExcludePositions.txt

Using zlib version: 1.2.11
Warning: Expected at least 2 parts in FORMAT entry: ID=GP,Number=3,Type=Float,Description="Estimated Posterior Probabilities for Genotypes 0/0, 0/1 and 1/1 ">
After filtering, kept 273 out of 273 Individuals
Outputting VCF file...
After filtering, kept 169375 out of a possible 524544 Sites
Run Time = 61.00 seconds
