working on 10
VCFtools - 0.1.16
(C) Adam Auton and Anthony Marcketta 2009

Parameters as interpreted:
	--gzvcf chr10.dose.vcf.gz
	--out PostImpCleaned_CKe/EIRA_chr10_clean
	--recode
	--exclude PostImpCleaned_CKe/EIRA_chr10_ExcludePositions.txt

Using zlib version: 1.2.11
Warning: Expected at least 2 parts in FORMAT entry: ID=GP,Number=3,Type=Float,Description="Estimated Posterior Probabilities for Genotypes 0/0, 0/1 and 1/1 ">
After filtering, kept 2183 out of 2183 Individuals
Outputting VCF file...
After filtering, kept 1024984 out of a possible 1927503 Sites
Run Time = 2393.00 seconds
working on 11
VCFtools - 0.1.16
(C) Adam Auton and Anthony Marcketta 2009

Parameters as interpreted:
	--gzvcf chr11.dose.vcf.gz
	--out PostImpCleaned_CKe/EIRA_chr11_clean
	--recode
	--exclude PostImpCleaned_CKe/EIRA_chr11_ExcludePositions.txt

Using zlib version: 1.2.11
Warning: Expected at least 2 parts in FORMAT entry: ID=GP,Number=3,Type=Float,Description="Estimated Posterior Probabilities for Genotypes 0/0, 0/1 and 1/1 ">
After filtering, kept 2183 out of 2183 Individuals
Outputting VCF file...
After filtering, kept 1025821 out of a possible 1936990 Sites
Run Time = 2349.00 seconds
working on 12
VCFtools - 0.1.16
(C) Adam Auton and Anthony Marcketta 2009

Parameters as interpreted:
	--gzvcf chr12.dose.vcf.gz
	--out PostImpCleaned_CKe/EIRA_chr12_clean
	--recode
	--exclude PostImpCleaned_CKe/EIRA_chr12_ExcludePositions.txt

Using zlib version: 1.2.11
Warning: Expected at least 2 parts in FORMAT entry: ID=GP,Number=3,Type=Float,Description="Estimated Posterior Probabilities for Genotypes 0/0, 0/1 and 1/1 ">
After filtering, kept 2183 out of 2183 Individuals
Outputting VCF file...
After filtering, kept 974785 out of a possible 1848117 Sites
Run Time = 2313.00 seconds
working on 13
VCFtools - 0.1.16
(C) Adam Auton and Anthony Marcketta 2009

Parameters as interpreted:
	--gzvcf chr13.dose.vcf.gz
	--out PostImpCleaned_CKe/EIRA_chr13_clean
	--recode
	--exclude PostImpCleaned_CKe/EIRA_chr13_ExcludePositions.txt

Using zlib version: 1.2.11
Warning: Expected at least 2 parts in FORMAT entry: ID=GP,Number=3,Type=Float,Description="Estimated Posterior Probabilities for Genotypes 0/0, 0/1 and 1/1 ">
After filtering, kept 2183 out of 2183 Individuals
Outputting VCF file...
After filtering, kept 741704 out of a possible 1385433 Sites
Run Time = 1742.00 seconds
working on 14
VCFtools - 0.1.16
(C) Adam Auton and Anthony Marcketta 2009

Parameters as interpreted:
	--gzvcf chr14.dose.vcf.gz
	--out PostImpCleaned_CKe/EIRA_chr14_clean
	--recode
	--exclude PostImpCleaned_CKe/EIRA_chr14_ExcludePositions.txt

Using zlib version: 1.2.11
Warning: Expected at least 2 parts in FORMAT entry: ID=GP,Number=3,Type=Float,Description="Estimated Posterior Probabilities for Genotypes 0/0, 0/1 and 1/1 ">
After filtering, kept 2183 out of 2183 Individuals
Outputting VCF file...
After filtering, kept 672887 out of a possible 1270436 Sites
Run Time = 1599.00 seconds
working on 15
VCFtools - 0.1.16
(C) Adam Auton and Anthony Marcketta 2009

Parameters as interpreted:
	--gzvcf chr15.dose.vcf.gz
	--out PostImpCleaned_CKe/EIRA_chr15_clean
	--recode
	--exclude PostImpCleaned_CKe/EIRA_chr15_ExcludePositions.txt

Using zlib version: 1.2.11
Warning: Expected at least 2 parts in FORMAT entry: ID=GP,Number=3,Type=Float,Description="Estimated Posterior Probabilities for Genotypes 0/0, 0/1 and 1/1 ">
After filtering, kept 2183 out of 2183 Individuals
Outputting VCF file...
After filtering, kept 592184 out of a possible 1139215 Sites
Run Time = 1381.00 seconds
working on 16
VCFtools - 0.1.16
(C) Adam Auton and Anthony Marcketta 2009

Parameters as interpreted:
	--gzvcf chr16.dose.vcf.gz
	--out PostImpCleaned_CKe/EIRA_chr16_clean
	--recode
	--exclude PostImpCleaned_CKe/EIRA_chr16_ExcludePositions.txt

Using zlib version: 1.2.11
Warning: Expected at least 2 parts in FORMAT entry: ID=GP,Number=3,Type=Float,Description="Estimated Posterior Probabilities for Genotypes 0/0, 0/1 and 1/1 ">
After filtering, kept 2183 out of 2183 Individuals
Outputting VCF file...
After filtering, kept 649442 out of a possible 1281297 Sites
Run Time = 1535.00 seconds
working on 17
VCFtools - 0.1.16
(C) Adam Auton and Anthony Marcketta 2009

Parameters as interpreted:
	--gzvcf chr17.dose.vcf.gz
	--out PostImpCleaned_CKe/EIRA_chr17_clean
	--recode
	--exclude PostImpCleaned_CKe/EIRA_chr17_ExcludePositions.txt

Using zlib version: 1.2.11
Warning: Expected at least 2 parts in FORMAT entry: ID=GP,Number=3,Type=Float,Description="Estimated Posterior Probabilities for Genotypes 0/0, 0/1 and 1/1 ">
After filtering, kept 2183 out of 2183 Individuals
Outputting VCF file...
After filtering, kept 555138 out of a possible 1090072 Sites
Run Time = 1328.00 seconds
working on 18
VCFtools - 0.1.16
(C) Adam Auton and Anthony Marcketta 2009

Parameters as interpreted:
	--gzvcf chr18.dose.vcf.gz
	--out PostImpCleaned_CKe/EIRA_chr18_clean
	--recode
	--exclude PostImpCleaned_CKe/EIRA_chr18_ExcludePositions.txt

Using zlib version: 1.2.11
Warning: Expected at least 2 parts in FORMAT entry: ID=GP,Number=3,Type=Float,Description="Estimated Posterior Probabilities for Genotypes 0/0, 0/1 and 1/1 ">
After filtering, kept 2183 out of 2183 Individuals
Outputting VCF file...
After filtering, kept 586654 out of a possible 1104755 Sites
Run Time = 1382.00 seconds
working on 19
VCFtools - 0.1.16
(C) Adam Auton and Anthony Marcketta 2009

Parameters as interpreted:
	--gzvcf chr19.dose.vcf.gz
	--out PostImpCleaned_CKe/EIRA_chr19_clean
	--recode
	--exclude PostImpCleaned_CKe/EIRA_chr19_ExcludePositions.txt

Using zlib version: 1.2.11
Warning: Expected at least 2 parts in FORMAT entry: ID=GP,Number=3,Type=Float,Description="Estimated Posterior Probabilities for Genotypes 0/0, 0/1 and 1/1 ">
After filtering, kept 2183 out of 2183 Individuals
Outputting VCF file...
After filtering, kept 444363 out of a possible 868554 Sites
Run Time = 1077.00 seconds
working on 20
VCFtools - 0.1.16
(C) Adam Auton and Anthony Marcketta 2009

Parameters as interpreted:
	--gzvcf chr20.dose.vcf.gz
	--out PostImpCleaned_CKe/EIRA_chr20_clean
	--recode
	--exclude PostImpCleaned_CKe/EIRA_chr20_ExcludePositions.txt

Using zlib version: 1.2.11
Warning: Expected at least 2 parts in FORMAT entry: ID=GP,Number=3,Type=Float,Description="Estimated Posterior Probabilities for Genotypes 0/0, 0/1 and 1/1 ">
After filtering, kept 2183 out of 2183 Individuals
Outputting VCF file...
After filtering, kept 461491 out of a possible 884983 Sites
Run Time = 1096.00 seconds
working on 21
VCFtools - 0.1.16
(C) Adam Auton and Anthony Marcketta 2009

Parameters as interpreted:
	--gzvcf chr21.dose.vcf.gz
	--out PostImpCleaned_CKe/EIRA_chr21_clean
	--recode
	--exclude PostImpCleaned_CKe/EIRA_chr21_ExcludePositions.txt

Using zlib version: 1.2.11
Warning: Expected at least 2 parts in FORMAT entry: ID=GP,Number=3,Type=Float,Description="Estimated Posterior Probabilities for Genotypes 0/0, 0/1 and 1/1 ">
After filtering, kept 2183 out of 2183 Individuals
Outputting VCF file...
After filtering, kept 274138 out of a possible 531276 Sites
Run Time = 651.00 seconds
working on 22
VCFtools - 0.1.16
(C) Adam Auton and Anthony Marcketta 2009

Parameters as interpreted:
	--gzvcf chr22.dose.vcf.gz
	--out PostImpCleaned_CKe/EIRA_chr22_clean
	--recode
	--exclude PostImpCleaned_CKe/EIRA_chr22_ExcludePositions.txt

Using zlib version: 1.2.11
Warning: Expected at least 2 parts in FORMAT entry: ID=GP,Number=3,Type=Float,Description="Estimated Posterior Probabilities for Genotypes 0/0, 0/1 and 1/1 ">
After filtering, kept 2183 out of 2183 Individuals
Outputting VCF file...
After filtering, kept 270955 out of a possible 524544 Sites
Run Time = 650.00 seconds
