
Working on 1

VCFtools - 0.1.16
(C) Adam Auton and Anthony Marcketta 2009

Parameters as interpreted:
	--gzvcf chr1.dose.vcf.gz
	--out PostImpCleaned_CKe/sera_chr1_clean
	--recode
	--exclude PostImpCleaned_CKe/sera_chr1_ExcludePositions.txt

Using zlib version: 1.2.11
Warning: Expected at least 2 parts in FORMAT entry: ID=GP,Number=3,Type=Float,Description="Estimated Posterior Probabilities for Genotypes 0/0, 0/1 and 1/1 ">
After filtering, kept 668 out of 668 Individuals
Outputting VCF file...
After filtering, kept 1212265 out of a possible 3069931 Sites
Run Time = 1135.00 seconds

Working on 2

VCFtools - 0.1.16
(C) Adam Auton and Anthony Marcketta 2009

Parameters as interpreted:
	--gzvcf chr2.dose.vcf.gz
	--out PostImpCleaned_CKe/sera_chr2_clean
	--recode
	--exclude PostImpCleaned_CKe/sera_chr2_ExcludePositions.txt

Using zlib version: 1.2.11
Warning: Expected at least 2 parts in FORMAT entry: ID=GP,Number=3,Type=Float,Description="Estimated Posterior Probabilities for Genotypes 0/0, 0/1 and 1/1 ">
After filtering, kept 668 out of 668 Individuals
Outputting VCF file...
After filtering, kept 1327606 out of a possible 3392237 Sites
Run Time = 1217.00 seconds

Working on 3

VCFtools - 0.1.16
(C) Adam Auton and Anthony Marcketta 2009

Parameters as interpreted:
	--gzvcf chr3.dose.vcf.gz
	--out PostImpCleaned_CKe/sera_chr3_clean
	--recode
	--exclude PostImpCleaned_CKe/sera_chr3_ExcludePositions.txt

Using zlib version: 1.2.11
Warning: Expected at least 2 parts in FORMAT entry: ID=GP,Number=3,Type=Float,Description="Estimated Posterior Probabilities for Genotypes 0/0, 0/1 and 1/1 ">
After filtering, kept 668 out of 668 Individuals
Outputting VCF file...
After filtering, kept 1125701 out of a possible 2821894 Sites
Run Time = 1041.00 seconds

Working on 4

VCFtools - 0.1.16
(C) Adam Auton and Anthony Marcketta 2009

Parameters as interpreted:
	--gzvcf chr4.dose.vcf.gz
	--out PostImpCleaned_CKe/sera_chr4_clean
	--recode
	--exclude PostImpCleaned_CKe/sera_chr4_ExcludePositions.txt

Using zlib version: 1.2.11
Warning: Expected at least 2 parts in FORMAT entry: ID=GP,Number=3,Type=Float,Description="Estimated Posterior Probabilities for Genotypes 0/0, 0/1 and 1/1 ">
After filtering, kept 668 out of 668 Individuals
Outputting VCF file...
After filtering, kept 1119454 out of a possible 2787581 Sites
Run Time = 1040.00 seconds

Working on 5

VCFtools - 0.1.16
(C) Adam Auton and Anthony Marcketta 2009

Parameters as interpreted:
	--gzvcf chr5.dose.vcf.gz
	--out PostImpCleaned_CKe/sera_chr5_clean
	--recode
	--exclude PostImpCleaned_CKe/sera_chr5_ExcludePositions.txt

Using zlib version: 1.2.11
Warning: Expected at least 2 parts in FORMAT entry: ID=GP,Number=3,Type=Float,Description="Estimated Posterior Probabilities for Genotypes 0/0, 0/1 and 1/1 ">
After filtering, kept 668 out of 668 Individuals
Outputting VCF file...
After filtering, kept 1010552 out of a possible 2588168 Sites
Run Time = 963.00 seconds

Working on 6

VCFtools - 0.1.16
(C) Adam Auton and Anthony Marcketta 2009

Parameters as interpreted:
	--gzvcf chr6.dose.vcf.gz
	--out PostImpCleaned_CKe/sera_chr6_clean
	--recode
	--exclude PostImpCleaned_CKe/sera_chr6_ExcludePositions.txt

Using zlib version: 1.2.11
Warning: Expected at least 2 parts in FORMAT entry: ID=GP,Number=3,Type=Float,Description="Estimated Posterior Probabilities for Genotypes 0/0, 0/1 and 1/1 ">
After filtering, kept 668 out of 668 Individuals
Outputting VCF file...
After filtering, kept 998355 out of a possible 2460111 Sites
Run Time = 940.00 seconds

Working on 7

VCFtools - 0.1.16
(C) Adam Auton and Anthony Marcketta 2009

Parameters as interpreted:
	--gzvcf chr7.dose.vcf.gz
	--out PostImpCleaned_CKe/sera_chr7_clean
	--recode
	--exclude PostImpCleaned_CKe/sera_chr7_ExcludePositions.txt

Using zlib version: 1.2.11
Warning: Expected at least 2 parts in FORMAT entry: ID=GP,Number=3,Type=Float,Description="Estimated Posterior Probabilities for Genotypes 0/0, 0/1 and 1/1 ">
After filtering, kept 668 out of 668 Individuals
Outputting VCF file...
After filtering, kept 903609 out of a possible 2289305 Sites
Run Time = 835.00 seconds

Working on 8

VCFtools - 0.1.16
(C) Adam Auton and Anthony Marcketta 2009

Parameters as interpreted:
	--gzvcf chr8.dose.vcf.gz
	--out PostImpCleaned_CKe/sera_chr8_clean
	--recode
	--exclude PostImpCleaned_CKe/sera_chr8_ExcludePositions.txt

Using zlib version: 1.2.11
Warning: Expected at least 2 parts in FORMAT entry: ID=GP,Number=3,Type=Float,Description="Estimated Posterior Probabilities for Genotypes 0/0, 0/1 and 1/1 ">
After filtering, kept 668 out of 668 Individuals
Outputting VCF file...
After filtering, kept 887664 out of a possible 2242705 Sites
Run Time = 851.00 seconds

Working on 9

VCFtools - 0.1.16
(C) Adam Auton and Anthony Marcketta 2009

Parameters as interpreted:
	--gzvcf chr9.dose.vcf.gz
	--out PostImpCleaned_CKe/sera_chr9_clean
	--recode
	--exclude PostImpCleaned_CKe/sera_chr9_ExcludePositions.txt

Using zlib version: 1.2.11
Warning: Expected at least 2 parts in FORMAT entry: ID=GP,Number=3,Type=Float,Description="Estimated Posterior Probabilities for Genotypes 0/0, 0/1 and 1/1 ">
After filtering, kept 668 out of 668 Individuals
Outputting VCF file...
After filtering, kept 669929 out of a possible 1686471 Sites
Run Time = 614.00 seconds

Working on 10

VCFtools - 0.1.16
(C) Adam Auton and Anthony Marcketta 2009

Parameters as interpreted:
	--gzvcf chr10.dose.vcf.gz
	--out PostImpCleaned_CKe/sera_chr10_clean
	--recode
	--exclude PostImpCleaned_CKe/sera_chr10_ExcludePositions.txt

Using zlib version: 1.2.11
Warning: Expected at least 2 parts in FORMAT entry: ID=GP,Number=3,Type=Float,Description="Estimated Posterior Probabilities for Genotypes 0/0, 0/1 and 1/1 ">
After filtering, kept 668 out of 668 Individuals
Outputting VCF file...
After filtering, kept 779898 out of a possible 1927503 Sites
Run Time = 716.00 seconds

Working on 11

VCFtools - 0.1.16
(C) Adam Auton and Anthony Marcketta 2009

Parameters as interpreted:
	--gzvcf chr11.dose.vcf.gz
	--out PostImpCleaned_CKe/sera_chr11_clean
	--recode
	--exclude PostImpCleaned_CKe/sera_chr11_ExcludePositions.txt

Using zlib version: 1.2.11
Warning: Expected at least 2 parts in FORMAT entry: ID=GP,Number=3,Type=Float,Description="Estimated Posterior Probabilities for Genotypes 0/0, 0/1 and 1/1 ">
After filtering, kept 668 out of 668 Individuals
Outputting VCF file...
After filtering, kept 771300 out of a possible 1936990 Sites
Run Time = 730.00 seconds

Working on 12

VCFtools - 0.1.16
(C) Adam Auton and Anthony Marcketta 2009

Parameters as interpreted:
	--gzvcf chr12.dose.vcf.gz
	--out PostImpCleaned_CKe/sera_chr12_clean
	--recode
	--exclude PostImpCleaned_CKe/sera_chr12_ExcludePositions.txt

Using zlib version: 1.2.11
Warning: Expected at least 2 parts in FORMAT entry: ID=GP,Number=3,Type=Float,Description="Estimated Posterior Probabilities for Genotypes 0/0, 0/1 and 1/1 ">
After filtering, kept 668 out of 668 Individuals
Outputting VCF file...
After filtering, kept 739812 out of a possible 1848117 Sites
Run Time = 679.00 seconds

Working on 13

VCFtools - 0.1.16
(C) Adam Auton and Anthony Marcketta 2009

Parameters as interpreted:
	--gzvcf chr13.dose.vcf.gz
	--out PostImpCleaned_CKe/sera_chr13_clean
	--recode
	--exclude PostImpCleaned_CKe/sera_chr13_ExcludePositions.txt

Using zlib version: 1.2.11
Warning: Expected at least 2 parts in FORMAT entry: ID=GP,Number=3,Type=Float,Description="Estimated Posterior Probabilities for Genotypes 0/0, 0/1 and 1/1 ">
After filtering, kept 668 out of 668 Individuals
Outputting VCF file...
After filtering, kept 555185 out of a possible 1385433 Sites
Run Time = 521.00 seconds

Working on 14

VCFtools - 0.1.16
(C) Adam Auton and Anthony Marcketta 2009

Parameters as interpreted:
	--gzvcf chr14.dose.vcf.gz
	--out PostImpCleaned_CKe/sera_chr14_clean
	--recode
	--exclude PostImpCleaned_CKe/sera_chr14_ExcludePositions.txt

Using zlib version: 1.2.11
Warning: Expected at least 2 parts in FORMAT entry: ID=GP,Number=3,Type=Float,Description="Estimated Posterior Probabilities for Genotypes 0/0, 0/1 and 1/1 ">
After filtering, kept 668 out of 668 Individuals
Outputting VCF file...
After filtering, kept 502227 out of a possible 1270436 Sites
Run Time = 471.00 seconds

Working on 15

VCFtools - 0.1.16
(C) Adam Auton and Anthony Marcketta 2009

Parameters as interpreted:
	--gzvcf chr15.dose.vcf.gz
	--out PostImpCleaned_CKe/sera_chr15_clean
	--recode
	--exclude PostImpCleaned_CKe/sera_chr15_ExcludePositions.txt

Using zlib version: 1.2.11
Warning: Expected at least 2 parts in FORMAT entry: ID=GP,Number=3,Type=Float,Description="Estimated Posterior Probabilities for Genotypes 0/0, 0/1 and 1/1 ">
After filtering, kept 668 out of 668 Individuals
Outputting VCF file...
After filtering, kept 443853 out of a possible 1139215 Sites
Run Time = 422.00 seconds

Working on 16

VCFtools - 0.1.16
(C) Adam Auton and Anthony Marcketta 2009

Parameters as interpreted:
	--gzvcf chr16.dose.vcf.gz
	--out PostImpCleaned_CKe/sera_chr16_clean
	--recode
	--exclude PostImpCleaned_CKe/sera_chr16_ExcludePositions.txt

Using zlib version: 1.2.11
Warning: Expected at least 2 parts in FORMAT entry: ID=GP,Number=3,Type=Float,Description="Estimated Posterior Probabilities for Genotypes 0/0, 0/1 and 1/1 ">
After filtering, kept 668 out of 668 Individuals
Outputting VCF file...
After filtering, kept 489196 out of a possible 1281297 Sites
Run Time = 466.00 seconds

Working on 17

VCFtools - 0.1.16
(C) Adam Auton and Anthony Marcketta 2009

Parameters as interpreted:
	--gzvcf chr17.dose.vcf.gz
	--out PostImpCleaned_CKe/sera_chr17_clean
	--recode
	--exclude PostImpCleaned_CKe/sera_chr17_ExcludePositions.txt

Using zlib version: 1.2.11
Warning: Expected at least 2 parts in FORMAT entry: ID=GP,Number=3,Type=Float,Description="Estimated Posterior Probabilities for Genotypes 0/0, 0/1 and 1/1 ">
After filtering, kept 668 out of 668 Individuals
Outputting VCF file...
After filtering, kept 420336 out of a possible 1090072 Sites
Run Time = 399.00 seconds

Working on 18

VCFtools - 0.1.16
(C) Adam Auton and Anthony Marcketta 2009

Parameters as interpreted:
	--gzvcf chr18.dose.vcf.gz
	--out PostImpCleaned_CKe/sera_chr18_clean
	--recode
	--exclude PostImpCleaned_CKe/sera_chr18_ExcludePositions.txt

Using zlib version: 1.2.11
Warning: Expected at least 2 parts in FORMAT entry: ID=GP,Number=3,Type=Float,Description="Estimated Posterior Probabilities for Genotypes 0/0, 0/1 and 1/1 ">
After filtering, kept 668 out of 668 Individuals
Outputting VCF file...
After filtering, kept 443129 out of a possible 1104755 Sites
Run Time = 411.00 seconds

Working on 19

VCFtools - 0.1.16
(C) Adam Auton and Anthony Marcketta 2009

Parameters as interpreted:
	--gzvcf chr19.dose.vcf.gz
	--out PostImpCleaned_CKe/sera_chr19_clean
	--recode
	--exclude PostImpCleaned_CKe/sera_chr19_ExcludePositions.txt

Using zlib version: 1.2.11
Warning: Expected at least 2 parts in FORMAT entry: ID=GP,Number=3,Type=Float,Description="Estimated Posterior Probabilities for Genotypes 0/0, 0/1 and 1/1 ">
After filtering, kept 668 out of 668 Individuals
Outputting VCF file...
After filtering, kept 342887 out of a possible 868554 Sites
Run Time = 319.00 seconds

Working on 20

VCFtools - 0.1.16
(C) Adam Auton and Anthony Marcketta 2009

Parameters as interpreted:
	--gzvcf chr20.dose.vcf.gz
	--out PostImpCleaned_CKe/sera_chr20_clean
	--recode
	--exclude PostImpCleaned_CKe/sera_chr20_ExcludePositions.txt

Using zlib version: 1.2.11
Warning: Expected at least 2 parts in FORMAT entry: ID=GP,Number=3,Type=Float,Description="Estimated Posterior Probabilities for Genotypes 0/0, 0/1 and 1/1 ">
After filtering, kept 668 out of 668 Individuals
Outputting VCF file...
After filtering, kept 350806 out of a possible 884983 Sites
Run Time = 322.00 seconds

Working on 21

VCFtools - 0.1.16
(C) Adam Auton and Anthony Marcketta 2009

Parameters as interpreted:
	--gzvcf chr21.dose.vcf.gz
	--out PostImpCleaned_CKe/sera_chr21_clean
	--recode
	--exclude PostImpCleaned_CKe/sera_chr21_ExcludePositions.txt

Using zlib version: 1.2.11
Warning: Expected at least 2 parts in FORMAT entry: ID=GP,Number=3,Type=Float,Description="Estimated Posterior Probabilities for Genotypes 0/0, 0/1 and 1/1 ">
After filtering, kept 668 out of 668 Individuals
Outputting VCF file...
After filtering, kept 209233 out of a possible 531276 Sites
Run Time = 202.00 seconds

Working on 22

VCFtools - 0.1.16
(C) Adam Auton and Anthony Marcketta 2009

Parameters as interpreted:
	--gzvcf chr22.dose.vcf.gz
	--out PostImpCleaned_CKe/sera_chr22_clean
	--recode
	--exclude PostImpCleaned_CKe/sera_chr22_ExcludePositions.txt

Using zlib version: 1.2.11
Warning: Expected at least 2 parts in FORMAT entry: ID=GP,Number=3,Type=Float,Description="Estimated Posterior Probabilities for Genotypes 0/0, 0/1 and 1/1 ">
After filtering, kept 668 out of 668 Individuals
Outputting VCF file...
After filtering, kept 207245 out of a possible 524544 Sites
Run Time = 203.00 seconds

Working on 1

VCFtools - 0.1.16
(C) Adam Auton and Anthony Marcketta 2009

Parameters as interpreted:
	--gzvcf chr1.dose.vcf.gz
	--out PostImpCleaned_CKe/vienna_chr1_clean
	--recode
	--exclude PostImpCleaned_CKe/vienna_chr1_ExcludePositions.txt

Using zlib version: 1.2.11
Warning: Expected at least 2 parts in FORMAT entry: ID=GP,Number=3,Type=Float,Description="Estimated Posterior Probabilities for Genotypes 0/0, 0/1 and 1/1 ">
After filtering, kept 406 out of 406 Individuals
Outputting VCF file...
After filtering, kept 1130378 out of a possible 3069931 Sites
Run Time = 685.00 seconds

Working on 2

VCFtools - 0.1.16
(C) Adam Auton and Anthony Marcketta 2009

Parameters as interpreted:
	--gzvcf chr2.dose.vcf.gz
	--out PostImpCleaned_CKe/vienna_chr2_clean
	--recode
	--exclude PostImpCleaned_CKe/vienna_chr2_ExcludePositions.txt

Using zlib version: 1.2.11
Warning: Expected at least 2 parts in FORMAT entry: ID=GP,Number=3,Type=Float,Description="Estimated Posterior Probabilities for Genotypes 0/0, 0/1 and 1/1 ">
After filtering, kept 406 out of 406 Individuals
Outputting VCF file...
After filtering, kept 1234703 out of a possible 3392237 Sites
Run Time = 710.00 seconds

Working on 3

VCFtools - 0.1.16
(C) Adam Auton and Anthony Marcketta 2009

Parameters as interpreted:
	--gzvcf chr3.dose.vcf.gz
	--out PostImpCleaned_CKe/vienna_chr3_clean
	--recode
	--exclude PostImpCleaned_CKe/vienna_chr3_ExcludePositions.txt

Using zlib version: 1.2.11
Warning: Expected at least 2 parts in FORMAT entry: ID=GP,Number=3,Type=Float,Description="Estimated Posterior Probabilities for Genotypes 0/0, 0/1 and 1/1 ">
After filtering, kept 406 out of 406 Individuals
Outputting VCF file...
After filtering, kept 1056645 out of a possible 2821894 Sites
Run Time = 609.00 seconds

Working on 4

VCFtools - 0.1.16
(C) Adam Auton and Anthony Marcketta 2009

Parameters as interpreted:
	--gzvcf chr4.dose.vcf.gz
	--out PostImpCleaned_CKe/vienna_chr4_clean
	--recode
	--exclude PostImpCleaned_CKe/vienna_chr4_ExcludePositions.txt

Using zlib version: 1.2.11
Warning: Expected at least 2 parts in FORMAT entry: ID=GP,Number=3,Type=Float,Description="Estimated Posterior Probabilities for Genotypes 0/0, 0/1 and 1/1 ">
After filtering, kept 406 out of 406 Individuals
Outputting VCF file...
After filtering, kept 1064616 out of a possible 2787581 Sites
Run Time = 608.00 seconds

Working on 5

VCFtools - 0.1.16
(C) Adam Auton and Anthony Marcketta 2009

Parameters as interpreted:
	--gzvcf chr5.dose.vcf.gz
	--out PostImpCleaned_CKe/vienna_chr5_clean
	--recode
	--exclude PostImpCleaned_CKe/vienna_chr5_ExcludePositions.txt

Using zlib version: 1.2.11
Warning: Expected at least 2 parts in FORMAT entry: ID=GP,Number=3,Type=Float,Description="Estimated Posterior Probabilities for Genotypes 0/0, 0/1 and 1/1 ">
After filtering, kept 406 out of 406 Individuals
Outputting VCF file...
After filtering, kept 946924 out of a possible 2588168 Sites
Run Time = 549.00 seconds

Working on 6

VCFtools - 0.1.16
(C) Adam Auton and Anthony Marcketta 2009

Parameters as interpreted:
	--gzvcf chr6.dose.vcf.gz
	--out PostImpCleaned_CKe/vienna_chr6_clean
	--recode
	--exclude PostImpCleaned_CKe/vienna_chr6_ExcludePositions.txt

Using zlib version: 1.2.11
Warning: Expected at least 2 parts in FORMAT entry: ID=GP,Number=3,Type=Float,Description="Estimated Posterior Probabilities for Genotypes 0/0, 0/1 and 1/1 ">
After filtering, kept 406 out of 406 Individuals
Outputting VCF file...
After filtering, kept 955205 out of a possible 2460111 Sites
Run Time = 536.00 seconds

Working on 7

VCFtools - 0.1.16
(C) Adam Auton and Anthony Marcketta 2009

Parameters as interpreted:
	--gzvcf chr7.dose.vcf.gz
	--out PostImpCleaned_CKe/vienna_chr7_clean
	--recode
	--exclude PostImpCleaned_CKe/vienna_chr7_ExcludePositions.txt

Using zlib version: 1.2.11
Warning: Expected at least 2 parts in FORMAT entry: ID=GP,Number=3,Type=Float,Description="Estimated Posterior Probabilities for Genotypes 0/0, 0/1 and 1/1 ">
After filtering, kept 406 out of 406 Individuals
Outputting VCF file...
After filtering, kept 854693 out of a possible 2289305 Sites
Run Time = 493.00 seconds

Working on 8

VCFtools - 0.1.16
(C) Adam Auton and Anthony Marcketta 2009

Parameters as interpreted:
	--gzvcf chr8.dose.vcf.gz
	--out PostImpCleaned_CKe/vienna_chr8_clean
	--recode
	--exclude PostImpCleaned_CKe/vienna_chr8_ExcludePositions.txt

Using zlib version: 1.2.11
Warning: Expected at least 2 parts in FORMAT entry: ID=GP,Number=3,Type=Float,Description="Estimated Posterior Probabilities for Genotypes 0/0, 0/1 and 1/1 ">
After filtering, kept 406 out of 406 Individuals
Outputting VCF file...
After filtering, kept 830842 out of a possible 2242705 Sites
Run Time = 507.00 seconds

Working on 9

VCFtools - 0.1.16
(C) Adam Auton and Anthony Marcketta 2009

Parameters as interpreted:
	--gzvcf chr9.dose.vcf.gz
	--out PostImpCleaned_CKe/vienna_chr9_clean
	--recode
	--exclude PostImpCleaned_CKe/vienna_chr9_ExcludePositions.txt

Using zlib version: 1.2.11
Warning: Expected at least 2 parts in FORMAT entry: ID=GP,Number=3,Type=Float,Description="Estimated Posterior Probabilities for Genotypes 0/0, 0/1 and 1/1 ">
After filtering, kept 406 out of 406 Individuals
Outputting VCF file...
After filtering, kept 630102 out of a possible 1686471 Sites
Run Time = 366.00 seconds

Working on 10

VCFtools - 0.1.16
(C) Adam Auton and Anthony Marcketta 2009

Parameters as interpreted:
	--gzvcf chr10.dose.vcf.gz
	--out PostImpCleaned_CKe/vienna_chr10_clean
	--recode
	--exclude PostImpCleaned_CKe/vienna_chr10_ExcludePositions.txt

Using zlib version: 1.2.11
Warning: Expected at least 2 parts in FORMAT entry: ID=GP,Number=3,Type=Float,Description="Estimated Posterior Probabilities for Genotypes 0/0, 0/1 and 1/1 ">
After filtering, kept 406 out of 406 Individuals
Outputting VCF file...
After filtering, kept 736006 out of a possible 1927503 Sites
Run Time = 431.00 seconds

Working on 11

VCFtools - 0.1.16
(C) Adam Auton and Anthony Marcketta 2009

Parameters as interpreted:
	--gzvcf chr11.dose.vcf.gz
	--out PostImpCleaned_CKe/vienna_chr11_clean
	--recode
	--exclude PostImpCleaned_CKe/vienna_chr11_ExcludePositions.txt

Using zlib version: 1.2.11
Warning: Expected at least 2 parts in FORMAT entry: ID=GP,Number=3,Type=Float,Description="Estimated Posterior Probabilities for Genotypes 0/0, 0/1 and 1/1 ">
After filtering, kept 406 out of 406 Individuals
Outputting VCF file...
After filtering, kept 724607 out of a possible 1936990 Sites
Run Time = 413.00 seconds

Working on 12

VCFtools - 0.1.16
(C) Adam Auton and Anthony Marcketta 2009

Parameters as interpreted:
	--gzvcf chr12.dose.vcf.gz
	--out PostImpCleaned_CKe/vienna_chr12_clean
	--recode
	--exclude PostImpCleaned_CKe/vienna_chr12_ExcludePositions.txt

Using zlib version: 1.2.11
Warning: Expected at least 2 parts in FORMAT entry: ID=GP,Number=3,Type=Float,Description="Estimated Posterior Probabilities for Genotypes 0/0, 0/1 and 1/1 ">
After filtering, kept 406 out of 406 Individuals
Outputting VCF file...
After filtering, kept 692513 out of a possible 1848117 Sites
Run Time = 407.00 seconds

Working on 13

VCFtools - 0.1.16
(C) Adam Auton and Anthony Marcketta 2009

Parameters as interpreted:
	--gzvcf chr13.dose.vcf.gz
	--out PostImpCleaned_CKe/vienna_chr13_clean
	--recode
	--exclude PostImpCleaned_CKe/vienna_chr13_ExcludePositions.txt

Using zlib version: 1.2.11
Warning: Expected at least 2 parts in FORMAT entry: ID=GP,Number=3,Type=Float,Description="Estimated Posterior Probabilities for Genotypes 0/0, 0/1 and 1/1 ">
After filtering, kept 406 out of 406 Individuals
Outputting VCF file...
After filtering, kept 533561 out of a possible 1385433 Sites
Run Time = 308.00 seconds

Working on 14

VCFtools - 0.1.16
(C) Adam Auton and Anthony Marcketta 2009

Parameters as interpreted:
	--gzvcf chr14.dose.vcf.gz
	--out PostImpCleaned_CKe/vienna_chr14_clean
	--recode
	--exclude PostImpCleaned_CKe/vienna_chr14_ExcludePositions.txt

Using zlib version: 1.2.11
Warning: Expected at least 2 parts in FORMAT entry: ID=GP,Number=3,Type=Float,Description="Estimated Posterior Probabilities for Genotypes 0/0, 0/1 and 1/1 ">
After filtering, kept 406 out of 406 Individuals
Outputting VCF file...
After filtering, kept 475778 out of a possible 1270436 Sites
Run Time = 269.00 seconds

Working on 15

VCFtools - 0.1.16
(C) Adam Auton and Anthony Marcketta 2009

Parameters as interpreted:
	--gzvcf chr15.dose.vcf.gz
	--out PostImpCleaned_CKe/vienna_chr15_clean
	--recode
	--exclude PostImpCleaned_CKe/vienna_chr15_ExcludePositions.txt

Using zlib version: 1.2.11
Warning: Expected at least 2 parts in FORMAT entry: ID=GP,Number=3,Type=Float,Description="Estimated Posterior Probabilities for Genotypes 0/0, 0/1 and 1/1 ">
After filtering, kept 406 out of 406 Individuals
Outputting VCF file...
After filtering, kept 421796 out of a possible 1139215 Sites
Run Time = 243.00 seconds

Working on 16

VCFtools - 0.1.16
(C) Adam Auton and Anthony Marcketta 2009

Parameters as interpreted:
	--gzvcf chr16.dose.vcf.gz
	--out PostImpCleaned_CKe/vienna_chr16_clean
	--recode
	--exclude PostImpCleaned_CKe/vienna_chr16_ExcludePositions.txt

Using zlib version: 1.2.11
Warning: Expected at least 2 parts in FORMAT entry: ID=GP,Number=3,Type=Float,Description="Estimated Posterior Probabilities for Genotypes 0/0, 0/1 and 1/1 ">
After filtering, kept 406 out of 406 Individuals
Outputting VCF file...
After filtering, kept 460945 out of a possible 1281297 Sites
Run Time = 277.00 seconds

Working on 17

VCFtools - 0.1.16
(C) Adam Auton and Anthony Marcketta 2009

Parameters as interpreted:
	--gzvcf chr17.dose.vcf.gz
	--out PostImpCleaned_CKe/vienna_chr17_clean
	--recode
	--exclude PostImpCleaned_CKe/vienna_chr17_ExcludePositions.txt

Using zlib version: 1.2.11
Warning: Expected at least 2 parts in FORMAT entry: ID=GP,Number=3,Type=Float,Description="Estimated Posterior Probabilities for Genotypes 0/0, 0/1 and 1/1 ">
After filtering, kept 406 out of 406 Individuals
Outputting VCF file...
After filtering, kept 392419 out of a possible 1090072 Sites
Run Time = 241.00 seconds

Working on 18

VCFtools - 0.1.16
(C) Adam Auton and Anthony Marcketta 2009

Parameters as interpreted:
	--gzvcf chr18.dose.vcf.gz
	--out PostImpCleaned_CKe/vienna_chr18_clean
	--recode
	--exclude PostImpCleaned_CKe/vienna_chr18_ExcludePositions.txt

Using zlib version: 1.2.11
Warning: Expected at least 2 parts in FORMAT entry: ID=GP,Number=3,Type=Float,Description="Estimated Posterior Probabilities for Genotypes 0/0, 0/1 and 1/1 ">
After filtering, kept 406 out of 406 Individuals
Outputting VCF file...
After filtering, kept 409745 out of a possible 1104755 Sites
Run Time = 239.00 seconds

Working on 19

VCFtools - 0.1.16
(C) Adam Auton and Anthony Marcketta 2009

Parameters as interpreted:
	--gzvcf chr19.dose.vcf.gz
	--out PostImpCleaned_CKe/vienna_chr19_clean
	--recode
	--exclude PostImpCleaned_CKe/vienna_chr19_ExcludePositions.txt

Using zlib version: 1.2.11
Warning: Expected at least 2 parts in FORMAT entry: ID=GP,Number=3,Type=Float,Description="Estimated Posterior Probabilities for Genotypes 0/0, 0/1 and 1/1 ">
After filtering, kept 406 out of 406 Individuals
Outputting VCF file...
After filtering, kept 315478 out of a possible 868554 Sites
Run Time = 182.00 seconds

Working on 20

VCFtools - 0.1.16
(C) Adam Auton and Anthony Marcketta 2009

Parameters as interpreted:
	--gzvcf chr20.dose.vcf.gz
	--out PostImpCleaned_CKe/vienna_chr20_clean
	--recode
	--exclude PostImpCleaned_CKe/vienna_chr20_ExcludePositions.txt

Using zlib version: 1.2.11
Warning: Expected at least 2 parts in FORMAT entry: ID=GP,Number=3,Type=Float,Description="Estimated Posterior Probabilities for Genotypes 0/0, 0/1 and 1/1 ">
After filtering, kept 406 out of 406 Individuals
Outputting VCF file...
After filtering, kept 322533 out of a possible 884983 Sites
Run Time = 197.00 seconds

Working on 21

VCFtools - 0.1.16
(C) Adam Auton and Anthony Marcketta 2009

Parameters as interpreted:
	--gzvcf chr21.dose.vcf.gz
	--out PostImpCleaned_CKe/vienna_chr21_clean
	--recode
	--exclude PostImpCleaned_CKe/vienna_chr21_ExcludePositions.txt

Using zlib version: 1.2.11
Warning: Expected at least 2 parts in FORMAT entry: ID=GP,Number=3,Type=Float,Description="Estimated Posterior Probabilities for Genotypes 0/0, 0/1 and 1/1 ">
After filtering, kept 406 out of 406 Individuals
Outputting VCF file...
After filtering, kept 193934 out of a possible 531276 Sites
Run Time = 114.00 seconds

Working on 22

VCFtools - 0.1.16
(C) Adam Auton and Anthony Marcketta 2009

Parameters as interpreted:
	--gzvcf chr22.dose.vcf.gz
	--out PostImpCleaned_CKe/vienna_chr22_clean
	--recode
	--exclude PostImpCleaned_CKe/vienna_chr22_ExcludePositions.txt

Using zlib version: 1.2.11
Warning: Expected at least 2 parts in FORMAT entry: ID=GP,Number=3,Type=Float,Description="Estimated Posterior Probabilities for Genotypes 0/0, 0/1 and 1/1 ">
After filtering, kept 406 out of 406 Individuals
Outputting VCF file...
After filtering, kept 188831 out of a possible 524544 Sites
Run Time = 121.00 seconds

Working on 1

VCFtools - 0.1.16
(C) Adam Auton and Anthony Marcketta 2009

Parameters as interpreted:
	--gzvcf chr1.dose.vcf.gz
	--out PostImpCleaned_CKe/EAC_chr1_clean
	--recode
	--exclude PostImpCleaned_CKe/EAC_chr1_ExcludePositions.txt

Using zlib version: 1.2.11
Warning: Expected at least 2 parts in FORMAT entry: ID=GP,Number=3,Type=Float,Description="Estimated Posterior Probabilities for Genotypes 0/0, 0/1 and 1/1 ">
After filtering, kept 1007 out of 1007 Individuals
Outputting VCF file...
After filtering, kept 1475904 out of a possible 3069931 Sites
Run Time = 1942.00 seconds

Working on 2

VCFtools - 0.1.16
(C) Adam Auton and Anthony Marcketta 2009

Parameters as interpreted:
	--gzvcf chr2.dose.vcf.gz
	--out PostImpCleaned_CKe/EAC_chr2_clean
	--recode
	--exclude PostImpCleaned_CKe/EAC_chr2_ExcludePositions.txt

Using zlib version: 1.2.11
Warning: Expected at least 2 parts in FORMAT entry: ID=GP,Number=3,Type=Float,Description="Estimated Posterior Probabilities for Genotypes 0/0, 0/1 and 1/1 ">
After filtering, kept 1007 out of 1007 Individuals
Outputting VCF file...
After filtering, kept 1619712 out of a possible 3392237 Sites
Run Time = 2179.00 seconds

Working on 3

VCFtools - 0.1.16
(C) Adam Auton and Anthony Marcketta 2009

Parameters as interpreted:
	--gzvcf chr3.dose.vcf.gz
	--out PostImpCleaned_CKe/EAC_chr3_clean
	--recode
	--exclude PostImpCleaned_CKe/EAC_chr3_ExcludePositions.txt

Using zlib version: 1.2.11
Warning: Expected at least 2 parts in FORMAT entry: ID=GP,Number=3,Type=Float,Description="Estimated Posterior Probabilities for Genotypes 0/0, 0/1 and 1/1 ">
After filtering, kept 1007 out of 1007 Individuals
Outputting VCF file...
After filtering, kept 1356906 out of a possible 2821894 Sites
Run Time = 1802.00 seconds

Working on 4

VCFtools - 0.1.16
(C) Adam Auton and Anthony Marcketta 2009

Parameters as interpreted:
	--gzvcf chr4.dose.vcf.gz
	--out PostImpCleaned_CKe/EAC_chr4_clean
	--recode
	--exclude PostImpCleaned_CKe/EAC_chr4_ExcludePositions.txt

Using zlib version: 1.2.11
Warning: Expected at least 2 parts in FORMAT entry: ID=GP,Number=3,Type=Float,Description="Estimated Posterior Probabilities for Genotypes 0/0, 0/1 and 1/1 ">
After filtering, kept 1007 out of 1007 Individuals
Outputting VCF file...
After filtering, kept 1332760 out of a possible 2787581 Sites
Run Time = 1788.00 seconds

Working on 5

VCFtools - 0.1.16
(C) Adam Auton and Anthony Marcketta 2009

Parameters as interpreted:
	--gzvcf chr5.dose.vcf.gz
	--out PostImpCleaned_CKe/EAC_chr5_clean
	--recode
	--exclude PostImpCleaned_CKe/EAC_chr5_ExcludePositions.txt

Using zlib version: 1.2.11
Warning: Expected at least 2 parts in FORMAT entry: ID=GP,Number=3,Type=Float,Description="Estimated Posterior Probabilities for Genotypes 0/0, 0/1 and 1/1 ">
After filtering, kept 1007 out of 1007 Individuals
Outputting VCF file...
After filtering, kept 1236867 out of a possible 2588168 Sites
Run Time = 1648.00 seconds

Working on 6

VCFtools - 0.1.16
(C) Adam Auton and Anthony Marcketta 2009

Parameters as interpreted:
	--gzvcf chr6.dose.vcf.gz
	--out PostImpCleaned_CKe/EAC_chr6_clean
	--recode
	--exclude PostImpCleaned_CKe/EAC_chr6_ExcludePositions.txt

Using zlib version: 1.2.11
Warning: Expected at least 2 parts in FORMAT entry: ID=GP,Number=3,Type=Float,Description="Estimated Posterior Probabilities for Genotypes 0/0, 0/1 and 1/1 ">
After filtering, kept 1007 out of 1007 Individuals
Outputting VCF file...
